Log file open, 01/24/19 23:14:42
LogWindows: Failed to load 'aqProf.dll' (GetLastError=126)
LogWindows: File 'aqProf.dll' does not exist
LogWindows: Failed to load 'VtuneApi.dll' (GetLastError=126)
LogWindows: File 'VtuneApi.dll' does not exist
LogWindows: Failed to load 'VtuneApi32e.dll' (GetLastError=126)
LogWindows: File 'VtuneApi32e.dll' does not exist
LogConsoleResponse: Display: Failed to find resolution value strings in scalability ini. Falling back to default.
LogInit: Display: Running engine for game: GGJ_Project
LogPakFile: Registered encryption key '00000000000000000000000000000000': 0 pak files mounted, 0 remain pending
LogPlatformFile: Not using cached read wrapper
LogTaskGraph: Started task graph with 5 named threads and 35 total threads with 3 sets of task threads.
LogStats: Stats thread started at 0.417089
LogD3D11RHI: Loaded GFSDK_Aftermath_Lib.x64.dll
LogICUInternationalization: ICU TimeZone Detection - Raw Offset: -8:00, Platform Override: ''
LogPluginManager: Mounting plugin Paper2D
LogPluginManager: Mounting plugin AISupport
LogPluginManager: Mounting plugin LightPropagationVolume
LogPluginManager: Mounting plugin ActorLayerUtilities
LogPluginManager: Mounting plugin CLionSourceCodeAccess
LogPluginManager: Mounting plugin CodeLiteSourceCodeAccess
LogPluginManager: Mounting plugin GitSourceControl
LogPluginManager: Mounting plugin KDevelopSourceCodeAccess
LogPluginManager: Mounting plugin NullSourceCodeAccess
LogPluginManager: Mounting plugin PerforceSourceControl
LogPluginManager: Mounting plugin SubversionSourceControl
LogPluginManager: Mounting plugin UObjectPlugin
LogPluginManager: Mounting plugin VisualStudioCodeSourceCodeAccess
LogPluginManager: Mounting plugin VisualStudioSourceCodeAccess
LogPluginManager: Mounting plugin XCodeSourceCodeAccess
LogPluginManager: Mounting plugin AssetManagerEditor
LogPluginManager: Mounting plugin CryptoKeys
LogPluginManager: Mounting plugin DataValidation
LogPluginManager: Mounting plugin FacialAnimation
LogPluginManager: Mounting plugin GameplayTagsEditor
LogPluginManager: Mounting plugin MacGraphicsSwitching
LogPluginManager: Mounting plugin MeshEditor
LogPluginManager: Mounting plugin MobileLauncherProfileWizard
LogPluginManager: Mounting plugin PluginBrowser
LogPluginManager: Mounting plugin SpeedTreeImporter
LogPluginManager: Mounting plugin DatasmithContent
LogPluginManager: Mounting plugin VariantManagerContent
LogPluginManager: Mounting plugin AlembicImporter
LogPluginManager: Mounting plugin AppleImageUtils
LogPluginManager: Mounting plugin AppleVision
LogPluginManager: Mounting plugin BackChannel
LogPluginManager: Mounting plugin CharacterAI
LogPluginManager: Mounting plugin GeometryCache
LogPluginManager: Mounting plugin HTML5Networking
LogPluginManager: Mounting plugin ProxyLODPlugin
LogPluginManager: Mounting plugin MagicLeap
LogPluginManager: Mounting plugin MagicLeapMedia
LogPluginManager: Mounting plugin AndroidMedia
LogPluginManager: Mounting plugin AvfMedia
LogPluginManager: Mounting plugin ImgMedia
LogPluginManager: Mounting plugin LinearTimecode
LogPluginManager: Mounting plugin MediaCompositing
LogPluginManager: Mounting plugin MediaPlayerEditor
LogPluginManager: Mounting plugin WebMMedia
LogPluginManager: Mounting plugin WmfMedia
LogPluginManager: Mounting plugin TcpMessaging
LogPluginManager: Mounting plugin UdpMessaging
LogPluginManager: Mounting plugin ActorSequence
LogPluginManager: Mounting plugin LevelSequenceEditor
LogPluginManager: Mounting plugin MatineeToLevelSequence
LogPluginManager: Mounting plugin NetcodeUnitTest
LogPluginManager: Mounting plugin NUTUnrealEngine4
LogPluginManager: Mounting plugin OnlineSubsystemGooglePlay
LogPluginManager: Mounting plugin OnlineSubsystemIOS
LogPluginManager: Mounting plugin OnlineSubsystem
LogPluginManager: Mounting plugin OnlineSubsystemNull
LogPluginManager: Mounting plugin OnlineSubsystemUtils
LogPluginManager: Mounting plugin LauncherChunkInstaller
LogPluginManager: Mounting plugin AndroidDeviceProfileSelector
LogPluginManager: Mounting plugin AndroidMoviePlayer
LogPluginManager: Mounting plugin AndroidPermission
LogPluginManager: Mounting plugin AppleMoviePlayer
LogPluginManager: Mounting plugin ArchVisCharacter
LogPluginManager: Mounting plugin AudioCapture
LogPluginManager: Mounting plugin CableComponent
LogPluginManager: Mounting plugin CustomMeshComponent
LogPluginManager: Mounting plugin EditableMesh
LogPluginManager: Mounting plugin ExampleDeviceProfileSelector
LogPluginManager: Mounting plugin Firebase
LogPluginManager: Mounting plugin GoogleCloudMessaging
LogPluginManager: Mounting plugin IOSDeviceProfileSelector
LogPluginManager: Mounting plugin LinuxDeviceProfileSelector
LogPluginManager: Mounting plugin LocationServicesBPLibrary
LogPluginManager: Mounting plugin MobilePatchingUtils
LogPluginManager: Mounting plugin OculusVR
LogPluginManager: Mounting plugin PhysXVehicles
LogPluginManager: Mounting plugin ProceduralMeshComponent
LogPluginManager: Mounting plugin RuntimePhysXCooking
LogPluginManager: Mounting plugin SteamVR
LogPluginManager: Mounting plugin WebMMoviePlayer
LogPluginManager: Mounting plugin WindowsMoviePlayer
LogStreaming: Display: Took  0.090s to configure plugins.
LogInit: Using libcurl 7.55.1-DEV
LogInit:  - built for x86_64-pc-win32
LogInit:  - supports SSL with OpenSSL/1.0.2h
LogInit:  - supports HTTP deflate (compression) using libz 1.2.8
LogInit:  - other features:
LogInit:      CURL_VERSION_SSL
LogInit:      CURL_VERSION_LIBZ
LogInit:      CURL_VERSION_IPV6
LogInit:      CURL_VERSION_ASYNCHDNS
LogInit:      CURL_VERSION_LARGEFILE
LogInit:      CURL_VERSION_IDN
LogInit:  CurlRequestOptions (configurable via config and command line):
LogInit:  - bVerifyPeer = true  - Libcurl will verify peer certificate
LogInit:  - bUseHttpProxy = false  - Libcurl will NOT use HTTP proxy
LogInit:  - bDontReuseConnections = false  - Libcurl will reuse connections
LogInit:  - MaxHostConnections = 16  - Libcurl will limit the number of connections to a host
LogInit:  - LocalHostAddr = Default
LogInit:  - BufferSize = 65536
LogInit: WinSock: version 1.1 (2.2), MaxSocks=32767, MaxUdp=65467
LogInit: Build: ++UE4+Release-4.21-CL-4753647
LogInit: Engine Version: 4.21.2-4753647+++UE4+Release-4.21
LogInit: Compatible Engine Version: 4.21.0-4541578+++UE4+Release-4.21
LogInit: Net CL: 4541578
LogInit: OS: Windows 10 (), CPU: Intel(R) Core(TM) i7-5820K CPU @ 3.30GHz, GPU: NVIDIA GeForce GTX 980 Ti
LogInit: Compiled (64-bit): Jan 19 2019 02:07:31
LogInit: Compiled with Visual C++: 19.13.26129.00
LogInit: Build Configuration: Development
LogInit: Branch Name: ++UE4+Release-4.21
LogInit: Command Line:  -EpicPortal -epicusername=Kertae -epicuserid=ba71a0802f34432b80a0ca2c3f7d6ef4 -epiclocale=en-US
LogInit: Base Directory: C:/Program Files/Epic Games/UE_4.21/Engine/Binaries/Win64/
LogInit: Installed Engine Build: 1
LogDevObjectVersion: Number of dev versions registered: 22
LogDevObjectVersion:   Dev-Blueprints (B0D832E4-1F89-4F0D-ACCF-7EB736FD4AA2): 10
LogDevObjectVersion:   Dev-Build (E1C64328-A22C-4D53-A36C-8E866417BD8C): 0
LogDevObjectVersion:   Dev-Core (375EC13C-06E4-48FB-B500-84F0262A717E): 2
LogDevObjectVersion:   Dev-Editor (E4B068ED-F494-42E9-A231-DA0B2E46BB41): 26
LogDevObjectVersion:   Dev-Framework (CFFC743F-43B0-4480-9391-14DF171D2073): 34
LogDevObjectVersion:   Dev-Mobile (B02B49B5-BB20-44E9-A304-32B752E40360): 2
LogDevObjectVersion:   Dev-Networking (A4E4105C-59A1-49B5-A7C5-40C4547EDFEE): 0
LogDevObjectVersion:   Dev-Online (39C831C9-5AE6-47DC-9A44-9C173E1C8E7C): 0
LogDevObjectVersion:   Dev-Physics (78F01B33-EBEA-4F98-B9B4-84EACCB95AA2): 0
LogDevObjectVersion:   Dev-Platform (6631380F-2D4D-43E0-8009-CF276956A95A): 0
LogDevObjectVersion:   Dev-Rendering (12F88B9F-8875-4AFC-A67C-D90C383ABD29): 27
LogDevObjectVersion:   Dev-Sequencer (7B5AE74C-D270-4C10-A958-57980B212A5A): 9
LogDevObjectVersion:   Dev-VR (D7296918-1DD6-4BDD-9DE2-64A83CC13884): 2
LogDevObjectVersion:   Dev-LoadTimes (C2A15278-BFE7-4AFE-6C17-90FF531DF755): 1
LogDevObjectVersion:   Private-Geometry (6EACA3D4-40EC-4CC1-B786-8BED09428FC5): 3
LogDevObjectVersion:   Dev-AnimPhys (29E575DD-E0A3-4627-9D10-D276232CDCEA): 17
LogDevObjectVersion:   Dev-Anim (AF43A65D-7FD3-4947-9873-3E8ED9C1BB05): 2
LogDevObjectVersion:   Dev-ReflectionCapture (6B266CEC-1EC7-4B8F-A30B-E4D90942FC07): 1
LogDevObjectVersion:   Dev-Automation (0DF73D61-A23F-47EA-B727-89E90C41499A): 1
LogDevObjectVersion:   FortniteMain (601D1886-AC64-4F84-AA16-D3DE0DEAC7D6): 17
LogDevObjectVersion:   Dev-Enterprise (9DFFBCD6-494F-0158-E221-12823C92A888): 4
LogDevObjectVersion:   Dev-Niagara (F2AED0AC-9AFE-416F-8664-AA7FFA26D6FC): 1
LogStreaming: Display: Took  0.000s to delete old logs.
LogInit: Presizing for max 8388607 objects, including 0 objects not considered by GC, pre-allocating 0 bytes for permanent pool.
LogInit: Object subsystem initialized
LogConfig: Setting CVar [[con.DebugEarlyDefault:1]]
LogConfig: Setting CVar [[r.setres:1280x720]]
[2019.01.25-07.14.43:055][  0]LogConfig: Setting CVar [[r.VSync:0]]
[2019.01.25-07.14.43:055][  0]LogConfig: Setting CVar [[r.RHICmdBypass:0]]
[2019.01.25-07.14.43:055][  0]LogConfig: Applying CVar settings from Section [/Script/Engine.RendererSettings] File [G:/GGJ_2019/GGJ_Project/Saved/Config/Windows/Engine.ini]
[2019.01.25-07.14.43:055][  0]LogConfig: Setting CVar [[r.GPUCrashDebugging:0]]
[2019.01.25-07.14.43:055][  0]LogConfig: Applying CVar settings from Section [/Script/Engine.RendererOverrideSettings] File [G:/GGJ_2019/GGJ_Project/Saved/Config/Windows/Engine.ini]
[2019.01.25-07.14.43:055][  0]LogConfig: Applying CVar settings from Section [/Script/Engine.StreamingSettings] File [G:/GGJ_2019/GGJ_Project/Saved/Config/Windows/Engine.ini]
[2019.01.25-07.14.43:055][  0]LogConfig: Setting CVar [[s.MinBulkDataSizeForAsyncLoading:131072]]
[2019.01.25-07.14.43:055][  0]LogConfig: Setting CVar [[s.AsyncLoadingThreadEnabled:0]]
[2019.01.25-07.14.43:055][  0]LogConfig: Setting CVar [[s.EventDrivenLoaderEnabled:1]]
[2019.01.25-07.14.43:055][  0]LogConfig: Setting CVar [[s.WarnIfTimeLimitExceeded:0]]
[2019.01.25-07.14.43:055][  0]LogConfig: Setting CVar [[s.TimeLimitExceededMultiplier:1.5]]
[2019.01.25-07.14.43:055][  0]LogConfig: Setting CVar [[s.TimeLimitExceededMinTime:0.005]]
[2019.01.25-07.14.43:055][  0]LogConfig: Setting CVar [[s.UseBackgroundLevelStreaming:1]]
[2019.01.25-07.14.43:055][  0]LogConfig: Setting CVar [[s.PriorityAsyncLoadingExtraTime:15.0]]
[2019.01.25-07.14.43:056][  0]LogConfig: Setting CVar [[s.LevelStreamingActorsUpdateTimeLimit:5.0]]
[2019.01.25-07.14.43:056][  0]LogConfig: Setting CVar [[s.PriorityLevelStreamingActorsUpdateExtraTime:5.0]]
[2019.01.25-07.14.43:056][  0]LogConfig: Setting CVar [[s.LevelStreamingComponentsRegistrationGranularity:10]]
[2019.01.25-07.14.43:056][  0]LogConfig: Setting CVar [[s.UnregisterComponentsTimeLimit:1.0]]
[2019.01.25-07.14.43:056][  0]LogConfig: Setting CVar [[s.LevelStreamingComponentsUnregistrationGranularity:5]]
[2019.01.25-07.14.43:056][  0]LogConfig: Applying CVar settings from Section [/Script/Engine.GarbageCollectionSettings] File [G:/GGJ_2019/GGJ_Project/Saved/Config/Windows/Engine.ini]
[2019.01.25-07.14.43:056][  0]LogConfig: Setting CVar [[gc.MaxObjectsNotConsideredByGC:1]]
[2019.01.25-07.14.43:056][  0]LogConfig: Setting CVar [[gc.SizeOfPermanentObjectPool:0]]
[2019.01.25-07.14.43:056][  0]LogConfig: Setting CVar [[gc.FlushStreamingOnGC:0]]
[2019.01.25-07.14.43:056][  0]LogConfig: Setting CVar [[gc.NumRetriesBeforeForcingGC:10]]
[2019.01.25-07.14.43:056][  0]LogConfig: Setting CVar [[gc.AllowParallelGC:1]]
[2019.01.25-07.14.43:056][  0]LogConfig: Setting CVar [[gc.TimeBetweenPurgingPendingKillObjects:61.1]]
[2019.01.25-07.14.43:056][  0]LogConfig: Setting CVar [[gc.MaxObjectsInEditor:8388607]]
[2019.01.25-07.14.43:056][  0]LogConfig: Setting CVar [[gc.IncrementalBeginDestroyEnabled:1]]
[2019.01.25-07.14.43:056][  0]LogConfig: Setting CVar [[gc.CreateGCClusters:1]]
[2019.01.25-07.14.43:056][  0]LogConfig: Setting CVar [[gc.MergeGCClusters:0]]
[2019.01.25-07.14.43:056][  0]LogConfig: Setting CVar [[gc.MinGCClusterSize:5]]
[2019.01.25-07.14.43:056][  0]LogConfig: Setting CVar [[gc.ActorClusteringEnabled:0]]
[2019.01.25-07.14.43:056][  0]LogConfig: Setting CVar [[gc.BlueprintClusteringEnabled:0]]
[2019.01.25-07.14.43:056][  0]LogConfig: Setting CVar [[gc.UseDisregardForGCOnDedicatedServers:0]]
[2019.01.25-07.14.43:056][  0]LogConfig: Applying CVar settings from Section [/Script/Engine.NetworkSettings] File [G:/GGJ_2019/GGJ_Project/Saved/Config/Windows/Engine.ini]
[2019.01.25-07.14.43:056][  0]LogConfig: Applying CVar settings from Section [/Script/UnrealEd.CookerSettings] File [G:/GGJ_2019/GGJ_Project/Saved/Config/Windows/Engine.ini]
[2019.01.25-07.14.43:060][  0]LogConfig: Applying CVar settings from Section [ViewDistanceQuality@3] File [G:/GGJ_2019/GGJ_Project/Saved/Config/Windows/Scalability.ini]
[2019.01.25-07.14.43:060][  0]LogConfig: Setting CVar [[r.SkeletalMeshLODBias:0]]
[2019.01.25-07.14.43:060][  0]LogConfig: Setting CVar [[r.ViewDistanceScale:1.0]]
[2019.01.25-07.14.43:060][  0]LogConfig: Applying CVar settings from Section [AntiAliasingQuality@3] File [G:/GGJ_2019/GGJ_Project/Saved/Config/Windows/Scalability.ini]
[2019.01.25-07.14.43:060][  0]LogConfig: Setting CVar [[r.PostProcessAAQuality:4]]
[2019.01.25-07.14.43:060][  0]LogConfig: Applying CVar settings from Section [ShadowQuality@3] File [G:/GGJ_2019/GGJ_Project/Saved/Config/Windows/Scalability.ini]
[2019.01.25-07.14.43:060][  0]LogConfig: Setting CVar [[r.LightFunctionQuality:1]]
[2019.01.25-07.14.43:060][  0]LogConfig: Setting CVar [[r.ShadowQuality:5]]
[2019.01.25-07.14.43:060][  0]LogConfig: Setting CVar [[r.Shadow.CSM.MaxCascades:10]]
[2019.01.25-07.14.43:060][  0]LogConfig: Setting CVar [[r.Shadow.MaxResolution:2048]]
[2019.01.25-07.14.43:060][  0]LogConfig: Setting CVar [[r.Shadow.MaxCSMResolution:2048]]
[2019.01.25-07.14.43:060][  0]LogConfig: Setting CVar [[r.Shadow.RadiusThreshold:0.01]]
[2019.01.25-07.14.43:060][  0]LogConfig: Setting CVar [[r.Shadow.DistanceScale:1.0]]
[2019.01.25-07.14.43:060][  0]LogConfig: Setting CVar [[r.Shadow.CSM.TransitionScale:1.0]]
[2019.01.25-07.14.43:060][  0]LogConfig: Setting CVar [[r.Shadow.PreShadowResolutionFactor:1.0]]
[2019.01.25-07.14.43:060][  0]LogConfig: Setting CVar [[r.DistanceFieldShadowing:1]]
[2019.01.25-07.14.43:060][  0]LogConfig: Setting CVar [[r.DistanceFieldAO:1]]
[2019.01.25-07.14.43:060][  0]LogConfig: Setting CVar [[r.AOQuality:2]]
[2019.01.25-07.14.43:060][  0]LogConfig: Setting CVar [[r.VolumetricFog:1]]
[2019.01.25-07.14.43:060][  0]LogConfig: Setting CVar [[r.VolumetricFog.GridPixelSize:8]]
[2019.01.25-07.14.43:060][  0]LogConfig: Setting CVar [[r.VolumetricFog.GridSizeZ:128]]
[2019.01.25-07.14.43:060][  0]LogConfig: Setting CVar [[r.VolumetricFog.HistoryMissSupersampleCount:4]]
[2019.01.25-07.14.43:060][  0]LogConfig: Setting CVar [[r.LightMaxDrawDistanceScale:1]]
[2019.01.25-07.14.43:060][  0]LogConfig: Setting CVar [[r.CapsuleShadows:1]]
[2019.01.25-07.14.43:060][  0]LogConfig: Applying CVar settings from Section [PostProcessQuality@3] File [G:/GGJ_2019/GGJ_Project/Saved/Config/Windows/Scalability.ini]
[2019.01.25-07.14.43:060][  0]LogConfig: Setting CVar [[r.MotionBlurQuality:4]]
[2019.01.25-07.14.43:060][  0]LogConfig: Setting CVar [[r.AmbientOcclusionMipLevelFactor:0.4]]
[2019.01.25-07.14.43:060][  0]LogConfig: Setting CVar [[r.AmbientOcclusionMaxQuality:100]]
[2019.01.25-07.14.43:060][  0]LogConfig: Setting CVar [[r.AmbientOcclusionLevels:-1]]
[2019.01.25-07.14.43:060][  0]LogConfig: Setting CVar [[r.AmbientOcclusionRadiusScale:1.0]]
[2019.01.25-07.14.43:060][  0]LogConfig: Setting CVar [[r.DepthOfFieldQuality:2]]
[2019.01.25-07.14.43:060][  0]LogConfig: Setting CVar [[r.RenderTargetPoolMin:400]]
[2019.01.25-07.14.43:060][  0]LogConfig: Setting CVar [[r.LensFlareQuality:2]]
[2019.01.25-07.14.43:060][  0]LogConfig: Setting CVar [[r.SceneColorFringeQuality:1]]
[2019.01.25-07.14.43:060][  0]LogConfig: Setting CVar [[r.EyeAdaptationQuality:2]]
[2019.01.25-07.14.43:060][  0]LogConfig: Setting CVar [[r.BloomQuality:5]]
[2019.01.25-07.14.43:060][  0]LogConfig: Setting CVar [[r.FastBlurThreshold:100]]
[2019.01.25-07.14.43:060][  0]LogConfig: Setting CVar [[r.Upscale.Quality:3]]
[2019.01.25-07.14.43:060][  0]LogConfig: Setting CVar [[r.Tonemapper.GrainQuantization:1]]
[2019.01.25-07.14.43:060][  0]LogConfig: Setting CVar [[r.LightShaftQuality:1]]
[2019.01.25-07.14.43:060][  0]LogConfig: Setting CVar [[r.Filter.SizeScale:1]]
[2019.01.25-07.14.43:060][  0]LogConfig: Setting CVar [[r.Tonemapper.Quality:5]]
[2019.01.25-07.14.43:060][  0]LogConfig: Setting CVar [[r.DOF.Gather.AccumulatorQuality:1        ; higher gathering accumulator quality]]
[2019.01.25-07.14.43:060][  0]LogConfig: Setting CVar [[r.DOF.Gather.PostfilterMethod:1          ; Median3x3 postfilering method]]
[2019.01.25-07.14.43:060][  0]LogConfig: Setting CVar [[r.DOF.Gather.EnableBokehSettings:0       ; no bokeh simulation when gathering]]
[2019.01.25-07.14.43:060][  0]LogConfig: Setting CVar [[r.DOF.Gather.RingCount:4                 ; medium number of samples when gathering]]
[2019.01.25-07.14.43:060][  0]LogConfig: Setting CVar [[r.DOF.Scatter.ForegroundCompositing:1    ; additive foreground scattering]]
[2019.01.25-07.14.43:060][  0]LogConfig: Setting CVar [[r.DOF.Scatter.BackgroundCompositing:2    ; additive background scattering]]
[2019.01.25-07.14.43:060][  0]LogConfig: Setting CVar [[r.DOF.Scatter.EnableBokehSettings:1      ; bokeh simulation when scattering]]
[2019.01.25-07.14.43:060][  0]LogConfig: Setting CVar [[r.DOF.Scatter.MaxSpriteRatio:0.1         ; only a maximum of 10% of scattered bokeh]]
[2019.01.25-07.14.43:060][  0]LogConfig: Setting CVar [[r.DOF.Recombine.Quality:1                ; cheap slight out of focus]]
[2019.01.25-07.14.43:060][  0]LogConfig: Setting CVar [[r.DOF.Recombine.EnableBokehSettings:0    ; no bokeh simulation on slight out of focus]]
[2019.01.25-07.14.43:060][  0]LogConfig: Setting CVar [[r.DOF.TemporalAAQuality:1                ; more stable temporal accumulation]]
[2019.01.25-07.14.43:060][  0]LogConfig: Setting CVar [[r.DOF.Kernel.MaxForegroundRadius:0.025]]
[2019.01.25-07.14.43:060][  0]LogConfig: Setting CVar [[r.DOF.Kernel.MaxBackgroundRadius:0.025]]
[2019.01.25-07.14.43:060][  0]LogConfig: Applying CVar settings from Section [TextureQuality@3] File [G:/GGJ_2019/GGJ_Project/Saved/Config/Windows/Scalability.ini]
[2019.01.25-07.14.43:060][  0]LogConfig: Setting CVar [[r.Streaming.MipBias:0]]
[2019.01.25-07.14.43:060][  0]LogConfig: Setting CVar [[r.Streaming.AmortizeCPUToGPUCopy:0]]
[2019.01.25-07.14.43:060][  0]LogConfig: Setting CVar [[r.Streaming.MaxNumTexturesToStreamPerFrame:0]]
[2019.01.25-07.14.43:060][  0]LogConfig: Setting CVar [[r.Streaming.Boost:1]]
[2019.01.25-07.14.43:060][  0]LogConfig: Setting CVar [[r.MaxAnisotropy:8]]
[2019.01.25-07.14.43:060][  0]LogConfig: Setting CVar [[r.Streaming.LimitPoolSizeToVRAM:0]]
[2019.01.25-07.14.43:060][  0]LogConfig: Setting CVar [[r.Streaming.PoolSize:1000]]
[2019.01.25-07.14.43:060][  0]LogConfig: Setting CVar [[r.Streaming.MaxEffectiveScreenSize:0]]
[2019.01.25-07.14.43:060][  0]LogConfig: Applying CVar settings from Section [EffectsQuality@3] File [G:/GGJ_2019/GGJ_Project/Saved/Config/Windows/Scalability.ini]
[2019.01.25-07.14.43:060][  0]LogConfig: Setting CVar [[r.TranslucencyLightingVolumeDim:64]]
[2019.01.25-07.14.43:060][  0]LogConfig: Setting CVar [[r.RefractionQuality:2]]
[2019.01.25-07.14.43:060][  0]LogConfig: Setting CVar [[r.SSR.Quality:3]]
[2019.01.25-07.14.43:060][  0]LogConfig: Setting CVar [[r.SceneColorFormat:4]]
[2019.01.25-07.14.43:060][  0]LogConfig: Setting CVar [[r.DetailMode:2]]
[2019.01.25-07.14.43:060][  0]LogConfig: Setting CVar [[r.TranslucencyVolumeBlur:1]]
[2019.01.25-07.14.43:060][  0]LogConfig: Setting CVar [[r.MaterialQualityLevel:1 ; High quality]]
[2019.01.25-07.14.43:060][  0]LogConfig: Setting CVar [[r.SSS.Scale:1]]
[2019.01.25-07.14.43:060][  0]LogConfig: Setting CVar [[r.SSS.SampleSet:2]]
[2019.01.25-07.14.43:060][  0]LogConfig: Setting CVar [[r.SSS.Quality:1]]
[2019.01.25-07.14.43:060][  0]LogConfig: Setting CVar [[r.SSS.HalfRes:1]]
[2019.01.25-07.14.43:060][  0]LogConfig: Setting CVar [[r.EmitterSpawnRateScale:1.0]]
[2019.01.25-07.14.43:060][  0]LogConfig: Setting CVar [[r.ParticleLightQuality:2]]
[2019.01.25-07.14.43:061][  0]LogConfig: Applying CVar settings from Section [FoliageQuality@3] File [G:/GGJ_2019/GGJ_Project/Saved/Config/Windows/Scalability.ini]
[2019.01.25-07.14.43:061][  0]LogConfig: Setting CVar [[foliage.DensityScale:1.0]]
[2019.01.25-07.14.43:061][  0]LogConfig: Setting CVar [[grass.DensityScale:1.0]]
[2019.01.25-07.14.43:061][  0]LogInit: Selected Device Profile: [Windows]
[2019.01.25-07.14.43:061][  0]LogInit: Applying CVar settings loaded from the selected device profile: [Windows]
[2019.01.25-07.14.43:082][  0]LogHAL: Display: Platform has ~ 32 GB [34255196160 / 34359738368 / 32], which maps to Largest [LargestMinGB=32, LargerMinGB=12, DefaultMinGB=8, SmallerMinGB=6, SmallestMinGB=0)
[2019.01.25-07.14.43:082][  0]LogConfig: Setting CVar [[r.Vulkan.UseRealUBs:1]]
[2019.01.25-07.14.43:082][  0]LogInit: Going up to parent DeviceProfile []
[2019.01.25-07.14.43:082][  0]LogConfig: Applying CVar settings from Section [ViewDistanceQuality@3] File [G:/GGJ_2019/GGJ_Project/Saved/Config/Windows/Scalability.ini]
[2019.01.25-07.14.43:082][  0]LogConfig: Setting CVar [[r.SkeletalMeshLODBias:0]]
[2019.01.25-07.14.43:082][  0]LogConfig: Setting CVar [[r.ViewDistanceScale:1.0]]
[2019.01.25-07.14.43:082][  0]LogConfig: Applying CVar settings from Section [AntiAliasingQuality@3] File [G:/GGJ_2019/GGJ_Project/Saved/Config/Windows/Scalability.ini]
[2019.01.25-07.14.43:082][  0]LogConfig: Setting CVar [[r.PostProcessAAQuality:4]]
[2019.01.25-07.14.43:082][  0]LogConfig: Applying CVar settings from Section [ShadowQuality@3] File [G:/GGJ_2019/GGJ_Project/Saved/Config/Windows/Scalability.ini]
[2019.01.25-07.14.43:082][  0]LogConfig: Setting CVar [[r.LightFunctionQuality:1]]
[2019.01.25-07.14.43:082][  0]LogConfig: Setting CVar [[r.ShadowQuality:5]]
[2019.01.25-07.14.43:082][  0]LogConfig: Setting CVar [[r.Shadow.CSM.MaxCascades:10]]
[2019.01.25-07.14.43:082][  0]LogConfig: Setting CVar [[r.Shadow.MaxResolution:2048]]
[2019.01.25-07.14.43:082][  0]LogConfig: Setting CVar [[r.Shadow.MaxCSMResolution:2048]]
[2019.01.25-07.14.43:082][  0]LogConfig: Setting CVar [[r.Shadow.RadiusThreshold:0.01]]
[2019.01.25-07.14.43:082][  0]LogConfig: Setting CVar [[r.Shadow.DistanceScale:1.0]]
[2019.01.25-07.14.43:082][  0]LogConfig: Setting CVar [[r.Shadow.CSM.TransitionScale:1.0]]
[2019.01.25-07.14.43:082][  0]LogConfig: Setting CVar [[r.Shadow.PreShadowResolutionFactor:1.0]]
[2019.01.25-07.14.43:082][  0]LogConfig: Setting CVar [[r.DistanceFieldShadowing:1]]
[2019.01.25-07.14.43:082][  0]LogConfig: Setting CVar [[r.DistanceFieldAO:1]]
[2019.01.25-07.14.43:082][  0]LogConfig: Setting CVar [[r.AOQuality:2]]
[2019.01.25-07.14.43:082][  0]LogConfig: Setting CVar [[r.VolumetricFog:1]]
[2019.01.25-07.14.43:083][  0]LogConfig: Setting CVar [[r.VolumetricFog.GridPixelSize:8]]
[2019.01.25-07.14.43:083][  0]LogConfig: Setting CVar [[r.VolumetricFog.GridSizeZ:128]]
[2019.01.25-07.14.43:083][  0]LogConfig: Setting CVar [[r.VolumetricFog.HistoryMissSupersampleCount:4]]
[2019.01.25-07.14.43:083][  0]LogConfig: Setting CVar [[r.LightMaxDrawDistanceScale:1]]
[2019.01.25-07.14.43:083][  0]LogConfig: Setting CVar [[r.CapsuleShadows:1]]
[2019.01.25-07.14.43:083][  0]LogConfig: Applying CVar settings from Section [PostProcessQuality@3] File [G:/GGJ_2019/GGJ_Project/Saved/Config/Windows/Scalability.ini]
[2019.01.25-07.14.43:083][  0]LogConfig: Setting CVar [[r.MotionBlurQuality:4]]
[2019.01.25-07.14.43:083][  0]LogConfig: Setting CVar [[r.AmbientOcclusionMipLevelFactor:0.4]]
[2019.01.25-07.14.43:083][  0]LogConfig: Setting CVar [[r.AmbientOcclusionMaxQuality:100]]
[2019.01.25-07.14.43:083][  0]LogConfig: Setting CVar [[r.AmbientOcclusionLevels:-1]]
[2019.01.25-07.14.43:083][  0]LogConfig: Setting CVar [[r.AmbientOcclusionRadiusScale:1.0]]
[2019.01.25-07.14.43:083][  0]LogConfig: Setting CVar [[r.DepthOfFieldQuality:2]]
[2019.01.25-07.14.43:083][  0]LogConfig: Setting CVar [[r.RenderTargetPoolMin:400]]
[2019.01.25-07.14.43:083][  0]LogConfig: Setting CVar [[r.LensFlareQuality:2]]
[2019.01.25-07.14.43:083][  0]LogConfig: Setting CVar [[r.SceneColorFringeQuality:1]]
[2019.01.25-07.14.43:083][  0]LogConfig: Setting CVar [[r.EyeAdaptationQuality:2]]
[2019.01.25-07.14.43:083][  0]LogConfig: Setting CVar [[r.BloomQuality:5]]
[2019.01.25-07.14.43:083][  0]LogConfig: Setting CVar [[r.FastBlurThreshold:100]]
[2019.01.25-07.14.43:083][  0]LogConfig: Setting CVar [[r.Upscale.Quality:3]]
[2019.01.25-07.14.43:083][  0]LogConfig: Setting CVar [[r.Tonemapper.GrainQuantization:1]]
[2019.01.25-07.14.43:083][  0]LogConfig: Setting CVar [[r.LightShaftQuality:1]]
[2019.01.25-07.14.43:083][  0]LogConfig: Setting CVar [[r.Filter.SizeScale:1]]
[2019.01.25-07.14.43:083][  0]LogConfig: Setting CVar [[r.Tonemapper.Quality:5]]
[2019.01.25-07.14.43:083][  0]LogConfig: Setting CVar [[r.DOF.Gather.AccumulatorQuality:1        ; higher gathering accumulator quality]]
[2019.01.25-07.14.43:083][  0]LogConfig: Setting CVar [[r.DOF.Gather.PostfilterMethod:1          ; Median3x3 postfilering method]]
[2019.01.25-07.14.43:083][  0]LogConfig: Setting CVar [[r.DOF.Gather.EnableBokehSettings:0       ; no bokeh simulation when gathering]]
[2019.01.25-07.14.43:083][  0]LogConfig: Setting CVar [[r.DOF.Gather.RingCount:4                 ; medium number of samples when gathering]]
[2019.01.25-07.14.43:083][  0]LogConfig: Setting CVar [[r.DOF.Scatter.ForegroundCompositing:1    ; additive foreground scattering]]
[2019.01.25-07.14.43:083][  0]LogConfig: Setting CVar [[r.DOF.Scatter.BackgroundCompositing:2    ; additive background scattering]]
[2019.01.25-07.14.43:083][  0]LogConfig: Setting CVar [[r.DOF.Scatter.EnableBokehSettings:1      ; bokeh simulation when scattering]]
[2019.01.25-07.14.43:083][  0]LogConfig: Setting CVar [[r.DOF.Scatter.MaxSpriteRatio:0.1         ; only a maximum of 10% of scattered bokeh]]
[2019.01.25-07.14.43:083][  0]LogConfig: Setting CVar [[r.DOF.Recombine.Quality:1                ; cheap slight out of focus]]
[2019.01.25-07.14.43:083][  0]LogConfig: Setting CVar [[r.DOF.Recombine.EnableBokehSettings:0    ; no bokeh simulation on slight out of focus]]
[2019.01.25-07.14.43:083][  0]LogConfig: Setting CVar [[r.DOF.TemporalAAQuality:1                ; more stable temporal accumulation]]
[2019.01.25-07.14.43:083][  0]LogConfig: Setting CVar [[r.DOF.Kernel.MaxForegroundRadius:0.025]]
[2019.01.25-07.14.43:083][  0]LogConfig: Setting CVar [[r.DOF.Kernel.MaxBackgroundRadius:0.025]]
[2019.01.25-07.14.43:083][  0]LogConfig: Applying CVar settings from Section [TextureQuality@3] File [G:/GGJ_2019/GGJ_Project/Saved/Config/Windows/Scalability.ini]
[2019.01.25-07.14.43:083][  0]LogConfig: Setting CVar [[r.Streaming.MipBias:0]]
[2019.01.25-07.14.43:083][  0]LogConfig: Setting CVar [[r.Streaming.AmortizeCPUToGPUCopy:0]]
[2019.01.25-07.14.43:083][  0]LogConfig: Setting CVar [[r.Streaming.MaxNumTexturesToStreamPerFrame:0]]
[2019.01.25-07.14.43:083][  0]LogConfig: Setting CVar [[r.Streaming.Boost:1]]
[2019.01.25-07.14.43:083][  0]LogConfig: Setting CVar [[r.MaxAnisotropy:8]]
[2019.01.25-07.14.43:083][  0]LogConfig: Setting CVar [[r.Streaming.LimitPoolSizeToVRAM:0]]
[2019.01.25-07.14.43:083][  0]LogConfig: Setting CVar [[r.Streaming.PoolSize:1000]]
[2019.01.25-07.14.43:083][  0]LogConfig: Setting CVar [[r.Streaming.MaxEffectiveScreenSize:0]]
[2019.01.25-07.14.43:083][  0]LogConfig: Applying CVar settings from Section [EffectsQuality@3] File [G:/GGJ_2019/GGJ_Project/Saved/Config/Windows/Scalability.ini]
[2019.01.25-07.14.43:083][  0]LogConfig: Setting CVar [[r.TranslucencyLightingVolumeDim:64]]
[2019.01.25-07.14.43:083][  0]LogConfig: Setting CVar [[r.RefractionQuality:2]]
[2019.01.25-07.14.43:083][  0]LogConfig: Setting CVar [[r.SSR.Quality:3]]
[2019.01.25-07.14.43:083][  0]LogConfig: Setting CVar [[r.SceneColorFormat:4]]
[2019.01.25-07.14.43:083][  0]LogConfig: Setting CVar [[r.DetailMode:2]]
[2019.01.25-07.14.43:083][  0]LogConfig: Setting CVar [[r.TranslucencyVolumeBlur:1]]
[2019.01.25-07.14.43:083][  0]LogConfig: Setting CVar [[r.MaterialQualityLevel:1 ; High quality]]
[2019.01.25-07.14.43:083][  0]LogConfig: Setting CVar [[r.SSS.Scale:1]]
[2019.01.25-07.14.43:083][  0]LogConfig: Setting CVar [[r.SSS.SampleSet:2]]
[2019.01.25-07.14.43:083][  0]LogConfig: Setting CVar [[r.SSS.Quality:1]]
[2019.01.25-07.14.43:083][  0]LogConfig: Setting CVar [[r.SSS.HalfRes:1]]
[2019.01.25-07.14.43:083][  0]LogConfig: Setting CVar [[r.EmitterSpawnRateScale:1.0]]
[2019.01.25-07.14.43:083][  0]LogConfig: Setting CVar [[r.ParticleLightQuality:2]]
[2019.01.25-07.14.43:083][  0]LogConfig: Applying CVar settings from Section [FoliageQuality@3] File [G:/GGJ_2019/GGJ_Project/Saved/Config/Windows/Scalability.ini]
[2019.01.25-07.14.43:083][  0]LogConfig: Setting CVar [[foliage.DensityScale:1.0]]
[2019.01.25-07.14.43:083][  0]LogConfig: Setting CVar [[grass.DensityScale:1.0]]
[2019.01.25-07.14.43:083][  0]LogConfig: Applying CVar settings from Section [Startup] File [../../../Engine/Config/ConsoleVariables.ini]
[2019.01.25-07.14.43:083][  0]LogConfig: Setting CVar [[net.UseAdaptiveNetUpdateFrequency:0]]
[2019.01.25-07.14.43:083][  0]LogConfig: Applying CVar settings from Section [ConsoleVariables] File [G:/GGJ_2019/GGJ_Project/Saved/Config/Windows/Engine.ini]
[2019.01.25-07.14.43:084][  0]LogInit: Computer: DESKTOP-30QPM9B
[2019.01.25-07.14.43:084][  0]LogInit: User: squal
[2019.01.25-07.14.43:084][  0]LogInit: CPU Page size=4096, Cores=6
[2019.01.25-07.14.43:084][  0]LogInit: High frequency timer resolution =3.220792 MHz
[2019.01.25-07.14.43:084][  0]LogMemory: Memory total: Physical=31.9GB (32GB approx)
[2019.01.25-07.14.43:084][  0]LogMemory: Platform Memory Stats for Windows
[2019.01.25-07.14.43:084][  0]LogMemory: Process Physical Memory: 103.46 MB used, 103.46 MB peak
[2019.01.25-07.14.43:084][  0]LogMemory: Process Virtual Memory: 86.43 MB used, 86.43 MB peak
[2019.01.25-07.14.43:084][  0]LogMemory: Physical Memory: 7873.55 MB used,  24794.75 MB free, 32668.30 MB total
[2019.01.25-07.14.43:084][  0]LogMemory: Virtual Memory: 4665.02 MB used,  134213064.00 MB free, 134217728.00 MB total
[2019.01.25-07.14.43:101][  0]LogInit: Using OS detected language (en-US).
[2019.01.25-07.14.43:101][  0]LogInit: Using OS detected locale (en-US).
[2019.01.25-07.14.43:102][  0]LogTextLocalizationManager: No specific localization for 'en-US' exists, so the 'en' localization will be used.
[2019.01.25-07.14.43:505][  0]LogStreaming: Display: Took  0.404s to InitEngineTextLocalization.
[2019.01.25-07.14.43:505][  0]LogInit: Setting process to per monitor DPI aware
[2019.01.25-07.14.43:538][  0]LogSlate: New Slate User Created.  User Index 0, Is Virtual User: 0
[2019.01.25-07.14.43:538][  0]LogSlate: Slate User Registered.  User Index 0, Is Virtual User: 0
[2019.01.25-07.14.43:734][  0]LogHMD: Failed to initialize OpenVR with code 110
[2019.01.25-07.14.43:734][  0]LogD3D11RHI: D3D11 adapters:
[2019.01.25-07.14.43:784][  0]LogD3D11RHI:    0. 'NVIDIA GeForce GTX 980 Ti' (Feature Level 11_0)
[2019.01.25-07.14.43:784][  0]LogD3D11RHI:       6097/0/16334 MB DedicatedVideo/DedicatedSystem/SharedSystem, Outputs:1, VendorId:0x10de
[2019.01.25-07.14.43:786][  0]LogD3D11RHI:    1. 'Microsoft Basic Render Driver' (Feature Level 11_0)
[2019.01.25-07.14.43:786][  0]LogD3D11RHI:       0/0/16334 MB DedicatedVideo/DedicatedSystem/SharedSystem, Outputs:0, VendorId:0x1414
[2019.01.25-07.14.43:786][  0]LogD3D11RHI: Chosen D3D11 Adapter: 0
[2019.01.25-07.14.43:792][  0]LogD3D11RHI: Creating new Direct3DDevice
[2019.01.25-07.14.43:792][  0]LogD3D11RHI:     GPU DeviceId: 0x17c8 (for the marketing name, search the web for "GPU Device Id")
[2019.01.25-07.14.43:792][  0]LogWindows: EnumDisplayDevices:
[2019.01.25-07.14.43:792][  0]LogWindows:    0. 'NVIDIA GeForce GTX 980 Ti' (P:1 D:1)
[2019.01.25-07.14.43:793][  0]LogWindows:    1. 'NVIDIA GeForce GTX 980 Ti' (P:0 D:0)
[2019.01.25-07.14.43:793][  0]LogWindows:    2. 'NVIDIA GeForce GTX 980 Ti' (P:0 D:0)
[2019.01.25-07.14.43:793][  0]LogWindows:    3. 'NVIDIA GeForce GTX 980 Ti' (P:0 D:0)
[2019.01.25-07.14.43:793][  0]LogWindows: DebugString: FoundDriverCount:4 
[2019.01.25-07.14.43:793][  0]LogD3D11RHI:     Adapter Name: NVIDIA GeForce GTX 980 Ti
[2019.01.25-07.14.43:793][  0]LogD3D11RHI:   Driver Version: 417.35 (internal:25.21.14.1735, unified:417.35)
[2019.01.25-07.14.43:793][  0]LogD3D11RHI:      Driver Date: 12-11-2018
[2019.01.25-07.14.43:793][  0]LogRHI: Texture pool is 4268 MB (70% of 6097 MB)
[2019.01.25-07.14.43:832][  0]LogD3D11RHI: Async texture creation enabled
[2019.01.25-07.14.43:853][  0]LogD3D11RHI: GPU Timing Frequency: 1000.000000 (Debug: 2 2)
[2019.01.25-07.14.44:179][  0]LogTemp: Display: Loaded TP AllDesktopTargetPlatform
[2019.01.25-07.14.44:192][  0]LogTemp: Display: Loaded TP MacClientTargetPlatform
[2019.01.25-07.14.44:205][  0]LogTemp: Display: Loaded TP MacNoEditorTargetPlatform
[2019.01.25-07.14.44:218][  0]LogTemp: Display: Loaded TP MacServerTargetPlatform
[2019.01.25-07.14.44:232][  0]LogTemp: Display: Loaded TP MacTargetPlatform
[2019.01.25-07.14.44:245][  0]LogTemp: Display: Loaded TP WindowsClientTargetPlatform
[2019.01.25-07.14.44:259][  0]LogTemp: Display: Loaded TP WindowsNoEditorTargetPlatform
[2019.01.25-07.14.44:281][  0]LogTemp: Display: Loaded TP WindowsServerTargetPlatform
[2019.01.25-07.14.44:293][  0]LogTemp: Display: Loaded TP WindowsTargetPlatform
[2019.01.25-07.14.44:371][  0]LogTemp: Display: Loaded TP AndroidTargetPlatform
[2019.01.25-07.14.44:371][  0]LogTemp: Display: Loaded TP AndroidTargetPlatform
[2019.01.25-07.14.44:371][  0]LogTemp: Display: Loaded TP AndroidTargetPlatform
[2019.01.25-07.14.44:371][  0]LogTemp: Display: Loaded TP AndroidTargetPlatform
[2019.01.25-07.14.44:371][  0]LogTemp: Display: Loaded TP AndroidTargetPlatform
[2019.01.25-07.14.44:371][  0]LogTemp: Display: Loaded TP AndroidTargetPlatform
[2019.01.25-07.14.44:371][  0]LogTemp: Display: Loaded TP AndroidTargetPlatform
[2019.01.25-07.14.44:371][  0]LogTemp: Display: Loaded TP AndroidTargetPlatform
[2019.01.25-07.14.44:371][  0]LogTemp: Display: Loaded TP AndroidTargetPlatform
[2019.01.25-07.14.44:371][  0]LogTemp: Display: Loaded TP AndroidTargetPlatform
[2019.01.25-07.14.44:371][  0]LogTemp: Display: Loaded TP AndroidTargetPlatform
[2019.01.25-07.14.44:371][  0]LogTemp: Display: Loaded TP AndroidTargetPlatform
[2019.01.25-07.14.44:371][  0]LogTemp: Display: Loaded TP AndroidTargetPlatform
[2019.01.25-07.14.44:371][  0]LogTemp: Display: Loaded TP AndroidTargetPlatform
[2019.01.25-07.14.44:371][  0]LogTemp: Display: Loaded TP AndroidTargetPlatform
[2019.01.25-07.14.44:371][  0]LogTemp: Display: Loaded TP AndroidTargetPlatform
[2019.01.25-07.14.44:371][  0]LogTemp: Display: Loaded TP AndroidTargetPlatform
[2019.01.25-07.14.44:371][  0]LogTemp: Display: Loaded TP AndroidTargetPlatform
[2019.01.25-07.14.44:373][  0]LogTemp: Display: Loaded TP HTML5TargetPlatform
[2019.01.25-07.14.44:446][  0]LogTemp: Display: Loaded TP IOSTargetPlatform
[2019.01.25-07.14.44:446][  0]LogTemp: Display: Loaded TP IOSTargetPlatform
[2019.01.25-07.14.44:489][  0]LogTemp: Display: Loaded TP TVOSTargetPlatform
[2019.01.25-07.14.44:489][  0]LogTemp: Display: Loaded TP TVOSTargetPlatform
[2019.01.25-07.14.44:502][  0]LogTemp: Display: Loaded TP LinuxClientTargetPlatform
[2019.01.25-07.14.44:515][  0]LogTemp: Display: Loaded TP LinuxNoEditorTargetPlatform
[2019.01.25-07.14.44:527][  0]LogTemp: Display: Loaded TP LinuxServerTargetPlatform
[2019.01.25-07.14.44:544][  0]LogTemp: Display: Loaded TP LinuxTargetPlatform
[2019.01.25-07.14.44:591][  0]LogTemp: Display: Loaded TP LuminTargetPlatform
[2019.01.25-07.14.44:591][  0]LogTemp: Display: Loaded TP LuminTargetPlatform
[2019.01.25-07.14.44:591][  0]LogTargetPlatformManager: Display: Building Assets For Windows
[2019.01.25-07.14.44:665][  0]LogShaderCompilers: Guid format shader working directory is 22 characters bigger than the processId version (G:/GGJ_2019/GGJ_Project/Intermediate/Shaders/WorkingDirectory/16924/).
[2019.01.25-07.14.44:665][  0]LogShaderCompilers: Cleaned the shader compiler working directory 'C:/Users/squal/AppData/Local/Temp/UnrealShaderWorkingDir/E7856FCD41AE6C10A2C9CFBF5B683CC1/'.
[2019.01.25-07.14.44:668][  0]LogXGEController: Cannot use XGE Controller as Incredibuild is not installed on this machine.
[2019.01.25-07.14.44:668][  0]LogShaderCompilers: Cannot use XGE Shader Compiler as Incredibuild is not installed on this machine.
[2019.01.25-07.14.44:668][  0]LogShaderCompilers: Display: Using Local Shader Compiler.
[2019.01.25-07.14.45:357][  0]LogDerivedDataCache: Display: Max Cache Size: 512 MB
[2019.01.25-07.14.45:424][  0]LogDerivedDataCache: Loaded boot cache 0.07s 71MB C:/Users/squal/AppData/Local/UnrealEngine/4.21/DerivedDataCache/Boot.ddc.
[2019.01.25-07.14.45:424][  0]LogDerivedDataCache: Display: Loaded Boot cache: C:/Users/squal/AppData/Local/UnrealEngine/4.21/DerivedDataCache/Boot.ddc
[2019.01.25-07.14.45:424][  0]LogDerivedDataCache: FDerivedDataBackendGraph:  Pak pak cache file G:/GGJ_2019/GGJ_Project/DerivedDataCache/DDC.ddp not found, will not use a pak cache.
[2019.01.25-07.14.45:424][  0]LogDerivedDataCache: Unable to find inner node Pak for hierarchical cache Hierarchy.
[2019.01.25-07.14.45:424][  0]LogDerivedDataCache: FDerivedDataBackendGraph:  CompressedPak pak cache file G:/GGJ_2019/GGJ_Project/DerivedDataCache/Compressed.ddp not found, will not use a pak cache.
[2019.01.25-07.14.45:424][  0]LogDerivedDataCache: Unable to find inner node CompressedPak for hierarchical cache Hierarchy.
[2019.01.25-07.14.45:439][  0]LogDerivedDataCache: Display: Pak cache opened for reading ../../../Engine/DerivedDataCache/Compressed.ddp.
[2019.01.25-07.14.45:439][  0]LogDerivedDataCache: FDerivedDataBackendGraph:  EnterprisePak pak cache file ../../../Enterprise/DerivedDataCache/Compressed.ddp not found, will not use a pak cache.
[2019.01.25-07.14.45:439][  0]LogDerivedDataCache: Unable to find inner node EnterprisePak for hierarchical cache Hierarchy.
[2019.01.25-07.14.45:451][  0]LogDerivedDataCache: Using Local data cache path C:/Users/squal/AppData/Local/UnrealEngine/Common/DerivedDataCache: Writable
[2019.01.25-07.14.45:451][  0]LogDerivedDataCache: Shared data cache path not found in *engine.ini, will not use an Shared cache.
[2019.01.25-07.14.45:451][  0]LogDerivedDataCache: Unable to find inner node Shared for hierarchical cache Hierarchy.
[2019.01.25-07.14.45:477][  0]LogMaterial: Verifying Global Shaders for PCD3D_SM5
[2019.01.25-07.14.45:479][  0]LogSlate: Using FreeType 2.6.0
[2019.01.25-07.14.45:480][  0]LogSlate: SlateFontServices - WITH_FREETYPE: 1, WITH_HARFBUZZ: 1
[2019.01.25-07.14.45:574][  0]LogAssetRegistry: FAssetRegistry took 0.0340 seconds to start up
[2019.01.25-07.14.45:935][  0]LogInit: Selected Device Profile: [Windows]
[2019.01.25-07.14.46:150][  0]LogSimplygon: Simplygon DLL not present - disabling.
[2019.01.25-07.14.46:154][  0]LogMeshReduction: Using SimplygonSwarm for distributed automatic mesh merging
[2019.01.25-07.14.46:154][  0]LogMeshReduction: Using ProxyLODMeshReduction for automatic mesh merging
[2019.01.25-07.14.46:154][  0]LogMeshReduction: Using QuadricMeshReduction for automatic static mesh reduction
[2019.01.25-07.14.46:154][  0]LogMeshReduction: No automatic skeletal mesh reduction module available
[2019.01.25-07.14.46:167][  0]LogNetVersion: GGJ_Project 1.0.0, NetCL: 4541578, EngineNetVer: 5, GameNetVer: 0 (Checksum: 629734255)
[2019.01.25-07.14.46:842][  0]LogPackageLocalizationCache: Processed 11 localized package path(s) for 2 prioritized culture(s) in 0.110283 seconds
[2019.01.25-07.14.46:848][  0]LogUObjectArray: 39775 objects as part of root set at end of initial load.
[2019.01.25-07.14.46:848][  0]LogUObjectAllocator: 6914664 out of 0 bytes used by permanent object pool.
[2019.01.25-07.14.46:848][  0]LogUObjectArray: CloseDisregardForGC: 0/0 objects in disregard for GC pool
[2019.01.25-07.14.47:952][  0]LogTcpMessaging: Initializing TcpMessaging bridge
[2019.01.25-07.14.47:966][  0]LogUdpMessaging: Initializing bridge on interface 0.0.0.0:0 to multicast group 230.0.0.1:6666.
[2019.01.25-07.14.48:852][  0]SourceControl: Source control is disabled
[2019.01.25-07.14.50:684][  0]LogAndroidPermission: UAndroidPermissionCallbackProxy::GetInstance
[2019.01.25-07.14.50:792][  0]LogOcInput: OculusInput pre-init called
[2019.01.25-07.14.50:938][  0]LogEngine: Initializing Engine...
[2019.01.25-07.14.50:939][  0]LogHMD: Failed to initialize OpenVR with code 110
[2019.01.25-07.14.50:940][  0]LogStats: UGameplayTagsManager::ConstructGameplayTagTree: ImportINI prefixes -  0.000 s
[2019.01.25-07.14.50:940][  0]LogStats: UGameplayTagsManager::ConstructGameplayTagTree: Construct from data asset -  0.000 s
[2019.01.25-07.14.50:940][  0]LogStats: UGameplayTagsManager::ConstructGameplayTagTree: ImportINI -  0.000 s
[2019.01.25-07.14.50:940][  0]LogStats: UGameplayTagsManager::ConstructGameplayTagTree: GameplayTagTreeChangedEvent.Broadcast -  0.000 s
[2019.01.25-07.14.51:202][  0]LogInit: Initializing FReadOnlyCVARCache
[2019.01.25-07.14.51:216][  0]LogAIModule: Creating AISystem for world Untitled
[2019.01.25-07.14.51:243][  0]LogInit: XAudio2 using 'AG352UCG (NVIDIA High Definition Audio)' : 2 channels at 48 kHz using 16 bits per sample (channel mask 0x3)
[2019.01.25-07.14.51:270][  0]LogInit: FAudioDevice initialized.
[2019.01.25-07.14.51:271][  0]LogNetVersion: Set ProjectVersion to 1.0.0.0. Version Checksum will be recalculated on next use.
[2019.01.25-07.14.51:356][  0]LogDerivedDataCache: Saved boot cache 0.08s 71MB C:/Users/squal/AppData/Local/UnrealEngine/4.21/DerivedDataCache/Boot.ddc.
[2019.01.25-07.14.51:362][  0]LogInit: Texture streaming: Enabled
[2019.01.25-07.14.51:379][  0]LogEngineSessionManager: EngineSessionManager initialized
[2019.01.25-07.14.51:393][  0]LogInit: Transaction tracking system initialized
[2019.01.25-07.14.51:416][  0]BlueprintLog: New page: Editor Load
[2019.01.25-07.14.51:502][  0]LocalizationService: Localization service is disabled
[2019.01.25-07.14.52:009][  0]LogFileCache: Scanning file cache for directory 'G:/GGJ_2019/GGJ_Project/Content/' took 0.02s
[2019.01.25-07.14.52:009][  0]LogCook: Display: Max memory allowance for cook 16384mb min free memory 0mb
[2019.01.25-07.14.52:009][  0]LogCook: Display: Mobile HDR setting 1
[2019.01.25-07.14.52:009][  0]LogGameplayTags: Display: UGameplayTagsManager::DoneAddingNativeTags. DelegateIsBound: 0
[2019.01.25-07.14.52:010][  0]LogStats: UGameplayTagsManager::ConstructGameplayTagTree: ImportINI prefixes -  0.000 s
[2019.01.25-07.14.52:010][  0]LogStats: UGameplayTagsManager::ConstructGameplayTagTree: Construct from data asset -  0.000 s
[2019.01.25-07.14.52:010][  0]LogStats: UGameplayTagsManager::ConstructGameplayTagTree: ImportINI -  0.000 s
[2019.01.25-07.14.52:010][  0]LogStats: UGameplayTagsManager::ConstructGameplayTagTree: GameplayTagTreeChangedEvent.Broadcast -  0.000 s
[2019.01.25-07.14.52:137][  0]Cmd: MAP LOAD FILE="../../../Engine/Content/Maps/Templates/Template_Default.umap" TEMPLATE=1 SHOWPROGRESS=1 FEATURELEVEL=3
[2019.01.25-07.14.52:138][  0]LightingResults: New page: Lighting Build
[2019.01.25-07.14.52:141][  0]MapCheck: New page: Map Check
[2019.01.25-07.14.52:141][  0]LightingResults: New page: Lighting Build
[2019.01.25-07.14.52:317][  0]LogAIModule: Creating AISystem for world Untitled_1
[2019.01.25-07.14.52:324][  0]LogEditorServer: Finished looking for orphan Actors (0.000 secs)
[2019.01.25-07.14.52:356][  0]Cmd: MAP CHECKDEP NOCLEARLOG
[2019.01.25-07.14.52:356][  0]MapCheck: Map check complete: 0 Error(s), 0 Warning(s), took 0.111ms to complete.
[2019.01.25-07.14.52:356][  0]LogFileHelpers: Loading map 'Template_Default' took 0.219
[2019.01.25-07.14.52:492][  0]LogSlate: Updating window title bar state: overlay mode, drag disabled, window buttons hidden, title bar hidden
[2019.01.25-07.14.52:500][  0]LogSlate: Updating window title bar state: overlay mode, drag disabled, window buttons hidden, title bar hidden
[2019.01.25-07.14.52:509][  0]LogSlate: Updating window title bar state: overlay mode, drag disabled, window buttons hidden, title bar hidden
[2019.01.25-07.14.52:519][  0]LogSlate: Updating window title bar state: overlay mode, drag disabled, window buttons hidden, title bar hidden
[2019.01.25-07.14.52:601][  0]LogCollectionManager: Loaded 0 collections in 0.001803 seconds
[2019.01.25-07.14.52:629][  0]LogFileCache: Scanning file cache for directory 'G:/GGJ_2019/GGJ_Project/Saved/Collections/' took 0.01s
[2019.01.25-07.14.52:629][  0]LogFileCache: Scanning file cache for directory 'G:/GGJ_2019/GGJ_Project/Content/Developers/squal/Collections/' took 0.00s
[2019.01.25-07.14.52:629][  0]LogFileCache: Scanning file cache for directory 'G:/GGJ_2019/GGJ_Project/Content/Collections/' took 0.01s
[2019.01.25-07.14.52:629][  0]LogCollectionManager: Rebuilt the GUID cache for 0 collections in 0.000000 seconds
[2019.01.25-07.14.52:638][  0]LogContentBrowser: Native class hierarchy populated in 0.0089 seconds. Added 2652 classes and 622 folders.
[2019.01.25-07.14.52:645][  0]LogContentBrowser: Native class hierarchy updated for 'WidgetCarousel' in 0.0003 seconds. Added 0 classes and 0 folders.
[2019.01.25-07.14.52:653][  0]LogPakFile: Registered encryption key '00000000000000000000000000000000': 0 pak files mounted, 0 remain pending
[2019.01.25-07.14.52:662][  0]LogPakFile: Registered encryption key '00000000000000000000000000000000': 0 pak files mounted, 0 remain pending
[2019.01.25-07.14.52:692][  0]LogPakFile: Registered encryption key '00000000000000000000000000000000': 0 pak files mounted, 0 remain pending
[2019.01.25-07.14.52:698][  0]LogPakFile: Registered encryption key '00000000000000000000000000000000': 0 pak files mounted, 0 remain pending
[2019.01.25-07.14.52:703][  0]LogPakFile: Registered encryption key '00000000000000000000000000000000': 0 pak files mounted, 0 remain pending
[2019.01.25-07.14.52:709][  0]LogPakFile: Registered encryption key '00000000000000000000000000000000': 0 pak files mounted, 0 remain pending
[2019.01.25-07.14.52:714][  0]LogPakFile: Registered encryption key '00000000000000000000000000000000': 0 pak files mounted, 0 remain pending
[2019.01.25-07.14.52:720][  0]LogPakFile: Registered encryption key '00000000000000000000000000000000': 0 pak files mounted, 0 remain pending
[2019.01.25-07.14.52:727][  0]LogPakFile: Registered encryption key '00000000000000000000000000000000': 0 pak files mounted, 0 remain pending
[2019.01.25-07.14.52:734][  0]LogPakFile: Registered encryption key '00000000000000000000000000000000': 0 pak files mounted, 0 remain pending
[2019.01.25-07.14.52:740][  0]LogPakFile: Registered encryption key '00000000000000000000000000000000': 0 pak files mounted, 0 remain pending
[2019.01.25-07.14.52:745][  0]LogPakFile: Registered encryption key '00000000000000000000000000000000': 0 pak files mounted, 0 remain pending
[2019.01.25-07.14.52:752][  0]LogPakFile: Registered encryption key '00000000000000000000000000000000': 0 pak files mounted, 0 remain pending
[2019.01.25-07.14.52:758][  0]LogPakFile: Registered encryption key '00000000000000000000000000000000': 0 pak files mounted, 0 remain pending
[2019.01.25-07.14.52:764][  0]LogPakFile: Registered encryption key '00000000000000000000000000000000': 0 pak files mounted, 0 remain pending
[2019.01.25-07.14.52:769][  0]LogPakFile: Registered encryption key '00000000000000000000000000000000': 0 pak files mounted, 0 remain pending
[2019.01.25-07.14.52:805][  0]LogPakFile: Registered encryption key '00000000000000000000000000000000': 0 pak files mounted, 0 remain pending
[2019.01.25-07.14.52:820][  0]LogPakFile: Registered encryption key '00000000000000000000000000000000': 0 pak files mounted, 0 remain pending
[2019.01.25-07.14.52:838][  0]LogPakFile: Registered encryption key '00000000000000000000000000000000': 0 pak files mounted, 0 remain pending
[2019.01.25-07.14.52:845][  0]LogPakFile: Registered encryption key '00000000000000000000000000000000': 0 pak files mounted, 0 remain pending
[2019.01.25-07.14.52:891][  0]LogPakFile: Registered encryption key '00000000000000000000000000000000': 0 pak files mounted, 0 remain pending
[2019.01.25-07.14.52:897][  0]LogPakFile: Registered encryption key '00000000000000000000000000000000': 0 pak files mounted, 0 remain pending
[2019.01.25-07.14.52:904][  0]LogPakFile: Registered encryption key '00000000000000000000000000000000': 0 pak files mounted, 0 remain pending
[2019.01.25-07.14.52:911][  0]LogPakFile: Registered encryption key '00000000000000000000000000000000': 0 pak files mounted, 0 remain pending
[2019.01.25-07.14.52:920][  0]LogPakFile: Registered encryption key '00000000000000000000000000000000': 0 pak files mounted, 0 remain pending
[2019.01.25-07.14.52:926][  0]LogPakFile: Registered encryption key '00000000000000000000000000000000': 0 pak files mounted, 0 remain pending
[2019.01.25-07.14.53:100][  0]LogContentBrowser: Native class hierarchy updated for 'AddContentDialog' in 0.0003 seconds. Added 0 classes and 0 folders.
[2019.01.25-07.14.53:137][  0]LogContentBrowser: Native class hierarchy updated for 'HierarchicalLODOutliner' in 0.0003 seconds. Added 0 classes and 0 folders.
[2019.01.25-07.14.53:137][  0]LogLoad: (Engine Initialization) Total time: 12.26 seconds
[2019.01.25-07.14.53:137][  0]LogLoad: (Engine Initialization) Total Blueprint compile time: 0.00 seconds
[2019.01.25-07.14.53:200][  0]LogContentStreaming: Texture pool size now 1000 MB
[2019.01.25-07.14.53:201][  0]LogSlate: Took 0.000184 seconds to synchronously load lazily loaded font '../../../Engine/Content/Slate/Fonts/Roboto-Regular.ttf' (155K)
[2019.01.25-07.14.53:203][  0]LogSlate: Took 0.000156 seconds to synchronously load lazily loaded font '../../../Engine/Content/Slate/Fonts/Roboto-Bold.ttf' (160K)
[2019.01.25-07.14.53:216][  0]LogSlate: Took 0.007517 seconds to synchronously load lazily loaded font '../../../Engine/Content/Editor/Slate/Fonts/FontAwesome.ttf' (139K)
[2019.01.25-07.14.53:415][  1]LogRenderer: Reallocating scene render targets to support 796x388 Format 10 NumSamples 1 (Frame:1).
[2019.01.25-07.14.53:493][  2]LogAssetRegistry: Asset discovery search completed in 7.9418 seconds
[2019.01.25-07.14.53:495][  2]LogCollectionManager: Rebuilt the object cache for 0 collections in 0.000001 seconds (found 0 objects)
[2019.01.25-07.14.53:495][  2]LogCollectionManager: Fixed up redirectors for 0 collections in 0.000064 seconds (updated 0 objects)
[2019.01.25-07.15.03:339][346]LogSlate: FSceneViewport::OnFocusLost() reason 0
[2019.01.25-07.15.05:018][536]LogSlate: Window 'GGJ_Project - Unreal Editor' being destroyed
[2019.01.25-07.15.05:018][536]LogWindowsTextInputMethodSystem: Display: IME system now deactivated.
[2019.01.25-07.15.05:174][537]Cmd: QUIT_EDITOR
[2019.01.25-07.15.05:207][537]LogExit: Preparing to exit.
[2019.01.25-07.15.06:053][537]LogExit: Editor shut down
[2019.01.25-07.15.06:054][537]LogExit: Transaction tracking system shut down
[2019.01.25-07.15.06:303][537]LogExit: Object subsystem successfully closed.
[2019.01.25-07.15.06:336][537]LogShaderCompilers: Display: Shaders left to compile 0
[2019.01.25-07.15.06:339][537]LogD3D11RHI: Shutdown
[2019.01.25-07.15.06:339][537]LogD3D11RHI: CleanupD3DDevice
[2019.01.25-07.15.06:340][537]LogD3D11RHI: ~FD3D11DynamicRHI
[2019.01.25-07.15.06:366][537]LogModuleManager: Shutting down and abandoning module HierarchicalLODOutliner (624)
[2019.01.25-07.15.06:366][537]LogModuleManager: Shutting down and abandoning module AddContentDialog (622)
[2019.01.25-07.15.06:367][537]LogModuleManager: Shutting down and abandoning module WidgetCarousel (621)
[2019.01.25-07.15.06:367][537]LogModuleManager: Shutting down and abandoning module EditorWidgets (618)
[2019.01.25-07.15.06:367][537]LogModuleManager: Shutting down and abandoning module CollectionManager (616)
[2019.01.25-07.15.06:367][537]LogModuleManager: Shutting down and abandoning module SceneOutliner (614)
[2019.01.25-07.15.06:367][537]LogModuleManager: Shutting down and abandoning module HierarchicalLODUtilities (612)
[2019.01.25-07.15.06:367][537]LogModuleManager: Shutting down and abandoning module StatsViewer (610)
[2019.01.25-07.15.06:367][537]LogModuleManager: Shutting down and abandoning module FoliageEdit (608)
[2019.01.25-07.15.06:367][537]LogModuleManager: Shutting down and abandoning module LandscapeEditor (606)
[2019.01.25-07.15.06:367][537]LogModuleManager: Shutting down and abandoning module MeshPaintMode (604)
[2019.01.25-07.15.06:367][537]LogModuleManager: Shutting down and abandoning module SceneDepthPickerMode (602)
[2019.01.25-07.15.06:367][537]LogModuleManager: Shutting down and abandoning module ActorPickerMode (600)
[2019.01.25-07.15.06:367][537]LogModuleManager: Shutting down and abandoning module GeometryMode (598)
[2019.01.25-07.15.06:367][537]LogModuleManager: Shutting down and abandoning module TextureAlignMode (596)
[2019.01.25-07.15.06:367][537]LogModuleManager: Shutting down and abandoning module BspMode (594)
[2019.01.25-07.15.06:367][537]LogModuleManager: Shutting down and abandoning module PIEPreviewDeviceProfileSelector (592)
[2019.01.25-07.15.06:367][537]LogModuleManager: Shutting down and abandoning module SequenceRecorderSections (590)
[2019.01.25-07.15.06:367][537]LogModuleManager: Shutting down and abandoning module AutomationWorker (588)
[2019.01.25-07.15.06:367][537]LogModuleManager: Shutting down and abandoning module AudioCaptureEditor (586)
[2019.01.25-07.15.06:367][537]LogModuleManager: Shutting down and abandoning module MatineeToLevelSequence (584)
[2019.01.25-07.15.06:367][537]LogModuleManager: Shutting down and abandoning module LevelSequenceEditor (582)
[2019.01.25-07.15.06:367][537]LogModuleManager: Shutting down and abandoning module PlacementMode (581)
[2019.01.25-07.15.06:367][537]LogModuleManager: Shutting down and abandoning module MaterialEditor (580)
[2019.01.25-07.15.06:367][537]LogModuleManager: Shutting down and abandoning module WmfMediaFactory (576)
[2019.01.25-07.15.06:367][537]LogModuleManager: Shutting down and abandoning module WmfMediaEditor (574)
[2019.01.25-07.15.06:367][537]LogModuleManager: Shutting down and abandoning module WebMMediaFactory (572)
[2019.01.25-07.15.06:367][537]LogModuleManager: Shutting down and abandoning module WebMMediaEditor (570)
[2019.01.25-07.15.06:367][537]LogModuleManager: Shutting down and abandoning module WebMMedia (568)
[2019.01.25-07.15.06:368][537]LogModuleManager: Shutting down and abandoning module MediaPlayerEditor (566)
[2019.01.25-07.15.06:368][537]LogModuleManager: Shutting down and abandoning module MediaCompositingEditor (564)
[2019.01.25-07.15.06:368][537]LogModuleManager: Shutting down and abandoning module SequenceRecorder (563)
[2019.01.25-07.15.06:368][537]LogModuleManager: Shutting down and abandoning module OpenExrWrapper (560)
[2019.01.25-07.15.06:368][537]LogModuleManager: Shutting down and abandoning module ImgMediaFactory (558)
[2019.01.25-07.15.06:368][537]LogModuleManager: Shutting down and abandoning module ImgMediaEditor (556)
[2019.01.25-07.15.06:368][537]LogModuleManager: Shutting down and abandoning module AvfMediaFactory (554)
[2019.01.25-07.15.06:368][537]LogModuleManager: Shutting down and abandoning module AvfMediaEditor (552)
[2019.01.25-07.15.06:368][537]LogModuleManager: Shutting down and abandoning module AndroidMediaFactory (550)
[2019.01.25-07.15.06:368][537]LogModuleManager: Shutting down and abandoning module AndroidMediaEditor (548)
[2019.01.25-07.15.06:368][537]LogModuleManager: Shutting down and abandoning module MagicLeapCameraPreviewFactory (546)
[2019.01.25-07.15.06:368][537]LogModuleManager: Shutting down and abandoning module MagicLeapMediaFactory (544)
[2019.01.25-07.15.06:368][537]LogModuleManager: Shutting down and abandoning module MagicLeapMediaEditor (542)
[2019.01.25-07.15.06:368][537]LogModuleManager: Shutting down and abandoning module CharacterAI (540)
[2019.01.25-07.15.06:368][537]LogModuleManager: Shutting down and abandoning module SmartSnapping (538)
[2019.01.25-07.15.06:368][537]LogModuleManager: Shutting down and abandoning module SessionServices (536)
[2019.01.25-07.15.06:368][537]LogModuleManager: Shutting down and abandoning module ViewportSnapping (534)
[2019.01.25-07.15.06:368][537]LogModuleManager: Shutting down and abandoning module ViewportInteraction (532)
[2019.01.25-07.15.06:368][537]LogModuleManager: Shutting down and abandoning module ClothPainter (530)
[2019.01.25-07.15.06:368][537]LogModuleManager: Shutting down and abandoning module SkeletalMeshEditor (529)
[2019.01.25-07.15.06:368][537]LogModuleManager: Shutting down and abandoning module LogVisualizer (526)
[2019.01.25-07.15.06:369][537]LogModuleManager: Shutting down and abandoning module IntroTutorials (524)
[2019.01.25-07.15.06:369][537]LogModuleManager: Shutting down and abandoning module GameProjectGeneration (523)
[2019.01.25-07.15.06:369][537]LogModuleManager: Shutting down and abandoning module LuminPlatformEditor (520)
[2019.01.25-07.15.06:369][537]LogModuleManager: Shutting down and abandoning module IOSPlatformEditor (518)
[2019.01.25-07.15.06:369][537]LogModuleManager: Shutting down and abandoning module HTML5PlatformEditor (516)
[2019.01.25-07.15.06:369][537]LogModuleManager: Shutting down and abandoning module AndroidPlatformEditor (514)
[2019.01.25-07.15.06:369][537]LogModuleManager: Shutting down and abandoning module AndroidDeviceDetection (513)
[2019.01.25-07.15.06:758][537]LogModuleManager: Shutting down and abandoning module WindowsPlatformEditor (510)
[2019.01.25-07.15.06:758][537]LogModuleManager: Shutting down and abandoning module LuminRuntimeSettings (508)
[2019.01.25-07.15.06:758][537]LogModuleManager: Shutting down and abandoning module IOSRuntimeSettings (506)
[2019.01.25-07.15.06:758][537]LogModuleManager: Shutting down and abandoning module AndroidRuntimeSettings (504)
[2019.01.25-07.15.06:758][537]LogModuleManager: Shutting down and abandoning module TimeManagementEditor (502)
[2019.01.25-07.15.06:758][537]LogModuleManager: Shutting down and abandoning module InputBindingEditor (500)
[2019.01.25-07.15.06:758][537]LogModuleManager: Shutting down and abandoning module MergeActors (498)
[2019.01.25-07.15.06:758][537]LogModuleManager: Shutting down and abandoning module LocalizationDashboard (496)
[2019.01.25-07.15.06:758][537]LogModuleManager: Shutting down and abandoning module LocalizationService (495)
[2019.01.25-07.15.06:759][537]LogModuleManager: Shutting down and abandoning module HardwareTargeting (492)
[2019.01.25-07.15.06:759][537]LogModuleManager: Shutting down and abandoning module DeviceProfileEditor (490)
[2019.01.25-07.15.06:759][537]LogModuleManager: Shutting down and abandoning module UndoHistory (488)
[2019.01.25-07.15.06:759][537]LogModuleManager: Shutting down and abandoning module XmlParser (486)
[2019.01.25-07.15.06:759][537]LogModuleManager: Shutting down and abandoning module Blutility (484)
[2019.01.25-07.15.06:759][537]LogModuleManager: Shutting down and abandoning module ProjectSettingsViewer (482)
[2019.01.25-07.15.06:759][537]LogModuleManager: Shutting down and abandoning module ProjectTargetPlatformEditor (481)
[2019.01.25-07.15.06:759][537]LogModuleManager: Shutting down and abandoning module EditorSettingsViewer (478)
[2019.01.25-07.15.06:759][537]LogModuleManager: Shutting down and abandoning module SettingsEditor (476)
[2019.01.25-07.15.06:759][537]LogModuleManager: Shutting down and abandoning module ProjectLauncher (474)
[2019.01.25-07.15.06:759][537]LogModuleManager: Shutting down and abandoning module SessionFrontend (472)
[2019.01.25-07.15.06:759][537]LogModuleManager: Shutting down and abandoning module ProfilerClient (470)
[2019.01.25-07.15.06:759][537]LogModuleManager: Shutting down and abandoning module DeviceManager (468)
[2019.01.25-07.15.06:759][537]LogModuleManager: Shutting down and abandoning module TargetDeviceServices (467)
[2019.01.25-07.15.06:814][537]LogModuleManager: Shutting down and abandoning module AutomationController (464)
[2019.01.25-07.15.06:814][537]LogModuleManager: Shutting down and abandoning module AutomationWindow (462)
[2019.01.25-07.15.06:814][537]LogModuleManager: Shutting down and abandoning module Layers (460)
[2019.01.25-07.15.06:814][537]LogModuleManager: Shutting down and abandoning module ComponentVisualizers (458)
[2019.01.25-07.15.06:814][537]LogModuleManager: Shutting down and abandoning module DetailCustomizations (456)
[2019.01.25-07.15.06:814][537]LogModuleManager: Shutting down and abandoning module PackagesDialog (454)
[2019.01.25-07.15.06:814][537]LogModuleManager: Shutting down and abandoning module Persona (452)
[2019.01.25-07.15.06:814][537]LogModuleManager: Shutting down and abandoning module AdvancedPreviewScene (451)
[2019.01.25-07.15.06:814][537]LogModuleManager: Shutting down and abandoning module AnimGraph (449)
[2019.01.25-07.15.06:814][537]LogModuleManager: Shutting down and abandoning module Kismet (446)
[2019.01.25-07.15.06:814][537]LogModuleManager: Shutting down and abandoning module GraphEditor (444)
[2019.01.25-07.15.06:814][537]LogModuleManager: Shutting down and abandoning module ClassViewer (442)
[2019.01.25-07.15.06:814][537]LogModuleManager: Shutting down and abandoning module Toolbox (440)
[2019.01.25-07.15.06:814][537]LogModuleManager: Shutting down and abandoning module ModuleUI (438)
[2019.01.25-07.15.06:814][537]LogModuleManager: Shutting down and abandoning module MovieSceneTools (436)
[2019.01.25-07.15.06:814][537]LogModuleManager: Shutting down and abandoning module OutputLog (434)
[2019.01.25-07.15.06:814][537]LogModuleManager: Shutting down and abandoning module GammaUI (432)
[2019.01.25-07.15.06:814][537]LogModuleManager: Shutting down and abandoning module Documentation (430)
[2019.01.25-07.15.06:814][537]LogModuleManager: Shutting down and abandoning module MovieSceneTracks (428)
[2019.01.25-07.15.06:814][537]LogModuleManager: Shutting down and abandoning module MovieScene (426)
[2019.01.25-07.15.06:814][537]LogModuleManager: Shutting down and abandoning module StreamingPauseRendering (424)
[2019.01.25-07.15.06:814][537]LogModuleManager: Shutting down and abandoning module LauncherPlatform (422)
[2019.01.25-07.15.06:814][537]LogModuleManager: Shutting down and abandoning module AnalyticsET (420)
[2019.01.25-07.15.06:814][537]LogModuleManager: Shutting down and abandoning module PortalServices (418)
[2019.01.25-07.15.06:814][537]LogModuleManager: Shutting down and abandoning module PortalRpc (416)
[2019.01.25-07.15.06:815][537]LogModuleManager: Shutting down and abandoning module MessagingRpc (414)
[2019.01.25-07.15.06:815][537]LogModuleManager: Shutting down and abandoning module AIModule (412)
[2019.01.25-07.15.06:815][537]LogModuleManager: Shutting down and abandoning module GameplayDebugger (411)
[2019.01.25-07.15.06:815][537]LogModuleManager: Shutting down and abandoning module AITestSuite (409)
[2019.01.25-07.15.06:815][537]LogModuleManager: Shutting down and abandoning module NavigationSystem (407)
[2019.01.25-07.15.06:815][537]LogModuleManager: Shutting down and abandoning module DesktopPlatform (404)
[2019.01.25-07.15.06:815][537]LogModuleManager: Shutting down and abandoning module ImageWriteQueue (402)
[2019.01.25-07.15.06:817][537]LogModuleManager: Shutting down and abandoning module ProfilerService (400)
[2019.01.25-07.15.06:851][537]LogModuleManager: Shutting down and abandoning module TaskGraph (398)
[2019.01.25-07.15.06:851][537]LogModuleManager: Shutting down and abandoning module SteamVRController (396)
[2019.01.25-07.15.06:851][537]LogModuleManager: Shutting down and abandoning module ProceduralMeshComponentEditor (394)
[2019.01.25-07.15.06:851][537]LogModuleManager: Shutting down and abandoning module ProceduralMeshComponent (392)
[2019.01.25-07.15.06:851][537]LogModuleManager: Shutting down and abandoning module OculusInput (390)
[2019.01.25-07.15.06:851][537]LogModuleManager: Shutting down and abandoning module MobilePatchingUtils (388)
[2019.01.25-07.15.06:851][537]LogModuleManager: Shutting down and abandoning module EditableMesh (386)
[2019.01.25-07.15.06:851][537]LogModuleManager: Shutting down and abandoning module CustomMeshComponent (384)
[2019.01.25-07.15.06:851][537]LogModuleManager: Shutting down and abandoning module CableComponent (382)
[2019.01.25-07.15.06:851][537]LogModuleManager: Shutting down and abandoning module AudioCapture (380)
[2019.01.25-07.15.06:851][537]LogModuleManager: Shutting down and abandoning module ArchVisCharacter (378)
[2019.01.25-07.15.06:851][537]LogModuleManager: Shutting down and abandoning module AndroidPermission (376)
[2019.01.25-07.15.06:851][537]LogModuleManager: Shutting down and abandoning module NUTUnrealEngine4 (374)
[2019.01.25-07.15.06:851][537]LogModuleManager: Shutting down and abandoning module NetcodeUnitTest (372)
[2019.01.25-07.15.06:852][537]LogModuleManager: Shutting down and abandoning module MediaCompositing (370)
[2019.01.25-07.15.06:852][537]LogModuleManager: Shutting down and abandoning module LinearTimecode (368)
[2019.01.25-07.15.06:852][537]LogModuleManager: Shutting down and abandoning module ImgMedia (366)
[2019.01.25-07.15.06:854][537]LogModuleManager: Shutting down and abandoning module HTML5Networking (364)
[2019.01.25-07.15.06:854][537]LogModuleManager: Shutting down and abandoning module GeometryCacheTracks (362)
[2019.01.25-07.15.06:854][537]LogModuleManager: Shutting down and abandoning module GeometryCacheSequencer (360)
[2019.01.25-07.15.06:854][537]LogModuleManager: Shutting down and abandoning module BackChannel (358)
[2019.01.25-07.15.06:854][537]LogModuleManager: Shutting down and abandoning module AppleVision (356)
[2019.01.25-07.15.06:854][537]LogModuleManager: Shutting down and abandoning module AppleImageUtilsBlueprintSupport (354)
[2019.01.25-07.15.06:854][537]LogModuleManager: Shutting down and abandoning module AppleImageUtils (352)
[2019.01.25-07.15.06:854][537]LogModuleManager: Shutting down and abandoning module AlembicImporter (350)
[2019.01.25-07.15.06:854][537]LogModuleManager: Shutting down and abandoning module AlembicLibrary (349)
[2019.01.25-07.15.06:854][537]LogModuleManager: Shutting down and abandoning module GeometryCache (348)
[2019.01.25-07.15.06:854][537]LogModuleManager: Shutting down and abandoning module GeometryCacheEd (347)
[2019.01.25-07.15.06:854][537]LogModuleManager: Shutting down and abandoning module VariantManagerContent (342)
[2019.01.25-07.15.06:854][537]LogModuleManager: Shutting down and abandoning module DatasmithContentEditor (340)
[2019.01.25-07.15.06:854][537]LogModuleManager: Shutting down and abandoning module SpeedTreeImporter (338)
[2019.01.25-07.15.06:854][537]LogModuleManager: Shutting down and abandoning module PluginBrowser (336)
[2019.01.25-07.15.06:854][537]LogModuleManager: Shutting down and abandoning module MobileLauncherProfileWizard (334)
[2019.01.25-07.15.06:855][537]LogModuleManager: Shutting down and abandoning module PolygonModeling (332)
[2019.01.25-07.15.06:855][537]LogModuleManager: Shutting down and abandoning module MeshEditor (330)
[2019.01.25-07.15.06:855][537]LogModuleManager: Shutting down and abandoning module CryptoKeysOpenSSL (328)
[2019.01.25-07.15.06:855][537]LogModuleManager: Shutting down and abandoning module CryptoKeys (326)
[2019.01.25-07.15.06:855][537]LogModuleManager: Shutting down and abandoning module VisualStudioSourceCodeAccess (324)
[2019.01.25-07.15.06:855][537]LogModuleManager: Shutting down and abandoning module VisualStudioCodeSourceCodeAccess (322)
[2019.01.25-07.15.06:855][537]LogModuleManager: Shutting down and abandoning module UObjectPlugin (320)
[2019.01.25-07.15.06:855][537]LogModuleManager: Shutting down and abandoning module SubversionSourceControl (318)
[2019.01.25-07.15.06:855][537]LogModuleManager: Shutting down and abandoning module PerforceSourceControl (316)
[2019.01.25-07.15.06:855][537]LogModuleManager: Shutting down and abandoning module GitSourceControl (314)
[2019.01.25-07.15.06:855][537]LogModuleManager: Shutting down and abandoning module SourceControl (313)
[2019.01.25-07.15.06:855][537]LogModuleManager: Shutting down and abandoning module CLionSourceCodeAccess (310)
[2019.01.25-07.15.06:855][537]LogModuleManager: Shutting down and abandoning module ActorLayerUtilitiesEditor (308)
[2019.01.25-07.15.06:855][537]LogModuleManager: Shutting down and abandoning module ActorLayerUtilities (306)
[2019.01.25-07.15.06:855][537]LogModuleManager: Shutting down and abandoning module LightPropagationVolumeEditor (304)
[2019.01.25-07.15.06:855][537]LogModuleManager: Shutting down and abandoning module PaperTiledImporter (302)
[2019.01.25-07.15.06:855][537]LogModuleManager: Shutting down and abandoning module PaperSpriteSheetImporter (300)
[2019.01.25-07.15.06:855][537]LogModuleManager: Shutting down and abandoning module Paper2DEditor (298)
[2019.01.25-07.15.06:855][537]LogModuleManager: Shutting down and abandoning module MeshPaint (297)
[2019.01.25-07.15.06:855][537]LogModuleManager: Shutting down and abandoning module RuntimePhysXCooking (294)
[2019.01.25-07.15.06:855][537]LogModuleManager: Shutting down and abandoning module PhysXVehiclesEditor (292)
[2019.01.25-07.15.06:855][537]LogModuleManager: Shutting down and abandoning module PhysXVehicles (290)
[2019.01.25-07.15.06:855][537]LogModuleManager: Shutting down and abandoning module OculusEditor (288)
[2019.01.25-07.15.06:855][537]LogModuleManager: Shutting down and abandoning module LocationServicesBPLibrary (286)
[2019.01.25-07.15.06:855][537]LogModuleManager: Shutting down and abandoning module ActorSequence (284)
[2019.01.25-07.15.06:855][537]LogModuleManager: Shutting down and abandoning module UdpMessaging (282)
[2019.01.25-07.15.06:957][537]LogModuleManager: Shutting down and abandoning module TcpMessaging (280)
[2019.01.25-07.15.07:057][537]LogModuleManager: Shutting down and abandoning module MagicLeapAudio (278)
[2019.01.25-07.15.07:057][537]LogModuleManager: Shutting down and abandoning module GameplayTagsEditor (276)
[2019.01.25-07.15.07:057][537]LogModuleManager: Shutting down and abandoning module FacialAnimationEditor (274)
[2019.01.25-07.15.07:057][537]LogModuleManager: Shutting down and abandoning module FacialAnimation (272)
[2019.01.25-07.15.07:057][537]LogModuleManager: Shutting down and abandoning module DataValidation (270)
[2019.01.25-07.15.07:057][537]LogModuleManager: Shutting down and abandoning module AssetManagerEditor (268)
[2019.01.25-07.15.07:057][537]LogModuleManager: Shutting down and abandoning module LevelEditor (267)
[2019.01.25-07.15.07:057][537]LogModuleManager: Shutting down and abandoning module PixelInspectorModule (266)
[2019.01.25-07.15.07:057][537]LogModuleManager: Shutting down and abandoning module CommonMenuExtensions (264)
[2019.01.25-07.15.07:058][537]LogModuleManager: Shutting down and abandoning module MainFrame (262)
[2019.01.25-07.15.07:058][537]LogModuleManager: Shutting down and abandoning module HotReload (261)
[2019.01.25-07.15.07:058][537]LogModuleManager: Shutting down and abandoning module ContentBrowser (257)
[2019.01.25-07.15.07:059][537]LogModuleManager: Shutting down and abandoning module TreeMap (255)
[2019.01.25-07.15.07:059][537]LogModuleManager: Shutting down and abandoning module LightPropagationVolumeRuntime (252)
[2019.01.25-07.15.07:059][537]LogModuleManager: Shutting down and abandoning module AISupportModule (250)
[2019.01.25-07.15.07:059][537]LogModuleManager: Shutting down and abandoning module Paper2D (248)
[2019.01.25-07.15.07:059][537]LogModuleManager: Shutting down and abandoning module WindowsMoviePlayer (246)
[2019.01.25-07.15.07:059][537]LogModuleManager: Shutting down and abandoning module WebMMoviePlayer (244)
[2019.01.25-07.15.07:059][537]LogModuleManager: Shutting down and abandoning module WmfMedia (242)
[2019.01.25-07.15.07:060][537]LogModuleManager: Shutting down and abandoning module Media (241)
[2019.01.25-07.15.07:066][537]LogModuleManager: Shutting down and abandoning module PacketHandler (238)
[2019.01.25-07.15.07:066][537]LogModuleManager: Shutting down and abandoning module ClothingSystemEditor (236)
[2019.01.25-07.15.07:066][537]LogModuleManager: Shutting down and abandoning module ClothingSystemRuntime (234)
[2019.01.25-07.15.07:066][537]LogModuleManager: Shutting down and abandoning module MediaAssets (232)
[2019.01.25-07.15.07:066][537]LogModuleManager: Shutting down and abandoning module Overlay (230)
[2019.01.25-07.15.07:066][537]LogModuleManager: Shutting down and abandoning module OverlayEditor (229)
[2019.01.25-07.15.07:066][537]LogModuleManager: Shutting down and abandoning module VREditor (226)
[2019.01.25-07.15.07:066][537]LogModuleManager: Shutting down and abandoning module StringTableEditor (224)
[2019.01.25-07.15.07:066][537]LogModuleManager: Shutting down and abandoning module GameplayTasksEditor (222)
[2019.01.25-07.15.07:066][537]LogModuleManager: Shutting down and abandoning module BehaviorTreeEditor (220)
[2019.01.25-07.15.07:067][537]LogModuleManager: Shutting down and abandoning module FunctionalTesting (218)
[2019.01.25-07.15.07:067][537]LogModuleManager: Shutting down and abandoning module CollisionAnalyzer (216)
[2019.01.25-07.15.07:067][537]LogModuleManager: Shutting down and abandoning module WorkspaceMenuStructure (215)
[2019.01.25-07.15.07:067][537]LogModuleManager: Shutting down and abandoning module UMG (212)
[2019.01.25-07.15.07:067][537]LogModuleManager: Shutting down and abandoning module UMGEditor (211)
[2019.01.25-07.15.07:067][537]LogModuleManager: Shutting down and abandoning module Sequencer (210)
[2019.01.25-07.15.07:067][537]LogModuleManager: Shutting down and abandoning module MessageLog (207)
[2019.01.25-07.15.07:067][537]LogModuleManager: Shutting down and abandoning module SlateReflector (202)
[2019.01.25-07.15.07:067][537]LogModuleManager: Shutting down and abandoning module Slate (200)
[2019.01.25-07.15.07:067][537]LogModuleManager: Shutting down and abandoning module EditorStyle (198)
[2019.01.25-07.15.07:068][537]LogModuleManager: Shutting down and abandoning module MRMesh (196)
[2019.01.25-07.15.07:068][537]LogModuleManager: Shutting down and abandoning module SourceCodeAccess (194)
[2019.01.25-07.15.07:068][537]LogModuleManager: Shutting down and abandoning module HeadMountedDisplay (192)
[2019.01.25-07.15.07:068][537]LogModuleManager: Shutting down and abandoning module XAudio2 (190)
[2019.01.25-07.15.07:068][537]LogModuleManager: Shutting down and abandoning module Networking (188)
[2019.01.25-07.15.07:068][537]LogModuleManager: Shutting down and abandoning module Core (186)
[2019.01.25-07.15.07:068][537]LogModuleManager: Shutting down and abandoning module LevelSequence (184)
[2019.01.25-07.15.07:068][537]LogModuleManager: Shutting down and abandoning module KismetCompiler (182)
[2019.01.25-07.15.07:068][537]LogModuleManager: Shutting down and abandoning module MeshUtilities (180)
[2019.01.25-07.15.07:068][537]LogModuleManager: Shutting down and abandoning module MeshMergeUtilities (179)
[2019.01.25-07.15.07:068][537]LogModuleManager: Shutting down and abandoning module MeshReductionInterface (178)
[2019.01.25-07.15.07:068][537]LogModuleManager: Shutting down and abandoning module SimplygonSwarm (177)
[2019.01.25-07.15.07:068][537]LogModuleManager: Shutting down and abandoning module ProxyLODMeshReduction (175)
[2019.01.25-07.15.07:068][537]LogModuleManager: Shutting down and abandoning module SimplygonMeshReduction (173)
[2019.01.25-07.15.07:068][537]LogModuleManager: Shutting down and abandoning module QuadricMeshReduction (171)
[2019.01.25-07.15.07:068][537]LogModuleManager: Shutting down and abandoning module MaterialBaking (167)
[2019.01.25-07.15.07:068][537]LogModuleManager: Shutting down and abandoning module DirectoryWatcher (163)
[2019.01.25-07.15.07:069][537]LogModuleManager: Shutting down and abandoning module DerivedDataCache (160)
[2019.01.25-07.15.07:469][537]LogDerivedDataCache: Shutdown
[2019.01.25-07.15.07:469][537]LogModuleManager: Shutting down and abandoning module XGEController (158)
[2019.01.25-07.15.07:469][537]LogModuleManager: Shutting down and abandoning module TargetPlatform (156)
[2019.01.25-07.15.07:469][537]LogModuleManager: Shutting down and abandoning module VulkanShaderFormat (155)
[2019.01.25-07.15.07:469][537]LogModuleManager: Shutting down and abandoning module ShaderFormatVectorVM (153)
[2019.01.25-07.15.07:469][537]LogModuleManager: Shutting down and abandoning module ShaderFormatOpenGL (151)
[2019.01.25-07.15.07:469][537]LogModuleManager: Shutting down and abandoning module ShaderFormatD3D (149)
[2019.01.25-07.15.07:469][537]LogModuleManager: Shutting down and abandoning module MetalShaderFormat (147)
[2019.01.25-07.15.07:469][537]LogModuleManager: Shutting down and abandoning module TextureFormatUncompressed (145)
[2019.01.25-07.15.07:469][537]LogModuleManager: Shutting down and abandoning module TextureFormatPVR (143)
[2019.01.25-07.15.07:469][537]LogModuleManager: Shutting down and abandoning module TextureFormatDXT (141)
[2019.01.25-07.15.07:469][537]LogModuleManager: Shutting down and abandoning module TextureFormatIntelISPCTexComp (139)
[2019.01.25-07.15.07:469][537]LogModuleManager: Shutting down and abandoning module TextureFormatASTC (137)
[2019.01.25-07.15.07:469][537]LogModuleManager: Shutting down and abandoning module ImageWrapper (136)
[2019.01.25-07.15.07:469][537]LogModuleManager: Shutting down and abandoning module TextureFormatAndroid (133)
[2019.01.25-07.15.07:469][537]LogModuleManager: Shutting down and abandoning module AudioFormatOpus (131)
[2019.01.25-07.15.07:469][537]LogModuleManager: Shutting down and abandoning module AudioFormatOgg (129)
[2019.01.25-07.15.07:469][537]LogModuleManager: Shutting down and abandoning module AudioFormatADPCM (127)
[2019.01.25-07.15.07:469][537]LogModuleManager: Shutting down and abandoning module LuminTargetPlatform (125)
[2019.01.25-07.15.07:469][537]LogModuleManager: Shutting down and abandoning module LinuxTargetPlatform (123)
[2019.01.25-07.15.07:469][537]LogModuleManager: Shutting down and abandoning module LinuxServerTargetPlatform (121)
[2019.01.25-07.15.07:470][537]LogModuleManager: Shutting down and abandoning module LinuxNoEditorTargetPlatform (119)
[2019.01.25-07.15.07:470][537]LogModuleManager: Shutting down and abandoning module LinuxClientTargetPlatform (117)
[2019.01.25-07.15.07:470][537]LogModuleManager: Shutting down and abandoning module TVOSTargetPlatform (115)
[2019.01.25-07.15.07:470][537]LogModuleManager: Shutting down and abandoning module Messaging (113)
[2019.01.25-07.15.07:470][537]LogModuleManager: Shutting down and abandoning module IOSTargetPlatform (111)
[2019.01.25-07.15.07:471][537]LogModuleManager: Shutting down and abandoning module HTML5TargetPlatform (109)
[2019.01.25-07.15.07:471][537]LogModuleManager: Shutting down and abandoning module AndroidTargetPlatform (107)
[2019.01.25-07.15.07:475][537]LogModuleManager: Shutting down and abandoning module WindowsTargetPlatform (105)
[2019.01.25-07.15.07:475][537]LogModuleManager: Shutting down and abandoning module WindowsServerTargetPlatform (103)
[2019.01.25-07.15.07:475][537]LogModuleManager: Shutting down and abandoning module WindowsNoEditorTargetPlatform (101)
[2019.01.25-07.15.07:476][537]LogModuleManager: Shutting down and abandoning module WindowsClientTargetPlatform (99)
[2019.01.25-07.15.07:476][537]LogModuleManager: Shutting down and abandoning module MacTargetPlatform (97)
[2019.01.25-07.15.07:476][537]LogModuleManager: Shutting down and abandoning module MacServerTargetPlatform (95)
[2019.01.25-07.15.07:476][537]LogModuleManager: Shutting down and abandoning module MacNoEditorTargetPlatform (93)
[2019.01.25-07.15.07:476][537]LogModuleManager: Shutting down and abandoning module MacClientTargetPlatform (91)
[2019.01.25-07.15.07:476][537]LogModuleManager: Shutting down and abandoning module AllDesktopTargetPlatform (89)
[2019.01.25-07.15.07:476][537]LogModuleManager: Shutting down and abandoning module InputCore (86)
[2019.01.25-07.15.07:476][537]LogModuleManager: Shutting down and abandoning module Settings (84)
[2019.01.25-07.15.07:476][537]LogModuleManager: Shutting down and abandoning module PhysXCooking (82)
[2019.01.25-07.15.07:476][537]LogModuleManager: Shutting down and abandoning module SteamVR (80)
[2019.01.25-07.15.07:476][537]LogHMD: Freeing OpenVRDLLHandle.
[2019.01.25-07.15.07:476][537]LogModuleManager: Shutting down and abandoning module OculusHMD (78)
[2019.01.25-07.15.07:476][537]LogModuleManager: Shutting down and abandoning module ExampleDeviceProfileSelector (76)
[2019.01.25-07.15.07:476][537]LogModuleManager: Shutting down and abandoning module LauncherChunkInstaller (74)
[2019.01.25-07.15.07:476][537]LogModuleManager: Shutting down and abandoning module OnlineBlueprintSupport (72)
[2019.01.25-07.15.07:476][537]LogModuleManager: Shutting down and abandoning module OnlineSubsystem (68)
[2019.01.25-07.15.07:477][537]LogModuleManager: Shutting down and abandoning module XMPP (63)
[2019.01.25-07.15.07:477][537]LogModuleManager: Shutting down and abandoning module WebSockets (62)
[2019.01.25-07.15.07:500][537]LogModuleManager: Shutting down and abandoning module HTTP (59)
[2019.01.25-07.15.07:501][537]LogHttp: Display: Http module shutting down, but needs to wait on 1 outstanding Http requests:
[2019.01.25-07.15.07:501][537]LogHttp: Display: 	verb=[POST] url=[https://datarouter.ol.epicgames.com/datarouter/api/v1/public/data?SessionID=%7B3E99A866-4C2A-D2B9-D3F5-F4BD78AFBC2E%7D&AppID=UEEditor.Rocket.Release&AppVersion=4.21.2-4753647%2B%2B%2BUE4%2BRelease-4.21&UserID=0de217b54daa23d0795f40a33f9d4cb3%7Cba71a0802f34432b80a0ca2c3f7d6ef4%7Cc8a0ebf1-d291-4abd-ac80-a700b1341f05&AppEnvironment=datacollector-binary&UploadType=eteventstream] status=Processing
[2019.01.25-07.15.07:521][537]LogModuleManager: Shutting down and abandoning module SSL (58)
[2019.01.25-07.15.07:522][537]LogModuleManager: Shutting down and abandoning module MagicLeapIdentity (54)
[2019.01.25-07.15.07:522][537]LogModuleManager: Shutting down and abandoning module MagicLeapHelperVulkan (52)
[2019.01.25-07.15.07:522][537]LogModuleManager: Shutting down and abandoning module MagicLeapHelperOpenGL (50)
[2019.01.25-07.15.07:522][537]LogModuleManager: Shutting down and abandoning module MagicLeapSecureStorage (48)
[2019.01.25-07.15.07:522][537]LogModuleManager: Shutting down and abandoning module MagicLeapHandTracking (46)
[2019.01.25-07.15.07:522][537]LogModuleManager: Shutting down and abandoning module MagicLeapEyeTracker (44)
[2019.01.25-07.15.07:522][537]LogModuleManager: Shutting down and abandoning module MagicLeapController (42)
[2019.01.25-07.15.07:522][537]LogSlate: Slate User Destroyed.  User Index 0, Is Virtual User: 0
[2019.01.25-07.15.07:522][537]LogModuleManager: Shutting down and abandoning module MagicLeap (40)
[2019.01.25-07.15.07:522][537]LogModuleManager: Shutting down and abandoning module DatasmithContent (38)
[2019.01.25-07.15.07:522][537]LogModuleManager: Shutting down and abandoning module AnimationModifiers (36)
[2019.01.25-07.15.07:522][537]LogModuleManager: Shutting down and abandoning module PropertyEditor (35)
[2019.01.25-07.15.07:522][537]LogModuleManager: Shutting down and abandoning module AudioEditor (32)
[2019.01.25-07.15.07:522][537]LogModuleManager: Shutting down and abandoning module TextureCompressor (30)
[2019.01.25-07.15.07:522][537]LogModuleManager: Shutting down and abandoning module ShaderCore (28)
[2019.01.25-07.15.07:522][537]LogModuleManager: Shutting down and abandoning module Landscape (26)
[2019.01.25-07.15.07:523][537]LogModuleManager: Shutting down and abandoning module SlateRHIRenderer (24)
[2019.01.25-07.15.07:523][537]LogModuleManager: Shutting down and abandoning module OpenGLDrv (22)
[2019.01.25-07.15.07:523][537]LogModuleManager: Shutting down and abandoning module D3D11RHI (20)
[2019.01.25-07.15.07:523][537]LogModuleManager: Shutting down and abandoning module AnimGraphRuntime (18)
[2019.01.25-07.15.07:523][537]LogModuleManager: Shutting down and abandoning module Renderer (16)
[2019.01.25-07.15.07:523][537]LogModuleManager: Shutting down and abandoning module Engine (14)
[2019.01.25-07.15.07:523][537]LogModuleManager: Shutting down and abandoning module CoreUObject (12)
[2019.01.25-07.15.07:523][537]LogModuleManager: Shutting down and abandoning module NetworkFile (10)
[2019.01.25-07.15.07:523][537]LogModuleManager: Shutting down and abandoning module CookedIterativeFile (8)
[2019.01.25-07.15.07:523][537]LogModuleManager: Shutting down and abandoning module StreamingFile (6)
[2019.01.25-07.15.07:523][537]LogModuleManager: Shutting down and abandoning module SandboxFile (4)
[2019.01.25-07.15.07:523][537]LogModuleManager: Shutting down and abandoning module PakFile (2)
[2019.01.25-07.15.07:536][537]LogExit: Exiting.
[2019.01.25-07.15.07:550][537]Log file closed, 01/24/19 23:15:07
